#
# There is insufficient memory for the Java Runtime Environment to continue.
# Native memory allocation (mmap) failed to map 7158300672 bytes for committing reserved memory.
# Possible reasons:
#   The system is out of physical RAM or swap space
#   In 32 bit mode, the process size limit was hit
# Possible solutions:
#   Reduce memory load on the system
#   Increase physical memory or swap space
#   Check if swap backing store is full
#   Use 64 bit Java on a 64 bit OS
#   Decrease Java heap size (-Xmx/-Xms)
#   Decrease number of Java threads
#   Decrease Java thread stack sizes (-Xss)
#   Set larger code cache with -XX:ReservedCodeCacheSize=
# This output file may be truncated or incomplete.
#
#  Out of Memory Error (os_linux.cpp:2627), pid=2542, tid=140488363828992
#
# JRE version:  (8.0_65-b17) (build )
# Java VM: Java HotSpot(TM) 64-Bit Server VM (25.65-b01 mixed mode linux-amd64 compressed oops)
# Failed to write core dump. Core dumps have been disabled. To enable core dumping, try "ulimit -c unlimited" before starting Java again
#

---------------  T H R E A D  ---------------

Current thread (0x00007fc5f800a000):  JavaThread "Unknown thread" [_thread_in_vm, id=2543, stack(0x00007fc5fef56000,0x00007fc5ff057000)]

Stack: [0x00007fc5fef56000,0x00007fc5ff057000],  sp=0x00007fc5ff055300,  free space=1020k
Native frames: (J=compiled Java code, j=interpreted, Vv=VM code, C=native code)
V  [libjvm.so+0xab97ea]  VMError::report_and_die()+0x2ba
V  [libjvm.so+0x4f9dcb]  report_vm_out_of_memory(char const*, int, unsigned long, VMErrorType, char const*)+0x8b
V  [libjvm.so+0x91a7c3]  os::Linux::commit_memory_impl(char*, unsigned long, bool)+0x103
V  [libjvm.so+0x91ad19]  os::pd_commit_memory(char*, unsigned long, unsigned long, bool)+0x29
V  [libjvm.so+0x91502a]  os::commit_memory(char*, unsigned long, unsigned long, bool)+0x2a
V  [libjvm.so+0xab5549]  VirtualSpace::expand_by(unsigned long, bool)+0x199
V  [libjvm.so+0xab609e]  VirtualSpace::initialize(ReservedSpace, unsigned long)+0xee
V  [libjvm.so+0x5f6891]  CardGeneration::CardGeneration(ReservedSpace, unsigned long, int, GenRemSet*)+0xf1
V  [libjvm.so+0xa5d17f]  TenuredGeneration::TenuredGeneration(ReservedSpace, unsigned long, int, GenRemSet*)+0x5f
V  [libjvm.so+0x5f7b99]  GenerationSpec::init(ReservedSpace, int, GenRemSet*)+0x339
V  [libjvm.so+0x5e663e]  GenCollectedHeap::initialize()+0x1de
V  [libjvm.so+0xa8218b]  Universe::initialize_heap()+0xfb
V  [libjvm.so+0xa824fe]  universe_init()+0x3e
V  [libjvm.so+0x6388a5]  init_globals()+0x65
V  [libjvm.so+0xa666fe]  Threads::create_vm(JavaVMInitArgs*, bool*)+0x23e
V  [libjvm.so+0x6ccd34]  JNI_CreateJavaVM+0x74
C  [libjli.so+0x745e]  JavaMain+0x9e
C  [libpthread.so.0+0x8182]  start_thread+0xc2


---------------  P R O C E S S  ---------------

Java Threads: ( => current thread )

Other Threads:

=>0x00007fc5f800a000 (exited) JavaThread "Unknown thread" [_thread_in_vm, id=2543, stack(0x00007fc5fef56000,0x00007fc5ff057000)]

VM state:not at safepoint (not fully initialized)

VM Mutex/Monitor currently owned by a thread: None

GC Heap History (0 events):
No events

Deoptimization events (0 events):
No events

Internal exceptions (0 events):
No events

Events (0 events):
No events


Dynamic libraries:
00400000-00401000 r-xp 00000000 08:01 1973460                            /usr/lib/jvm/jdk1.8.0_65/bin/java
00600000-00601000 rw-p 00000000 08:01 1973460                            /usr/lib/jvm/jdk1.8.0_65/bin/java
01759000-0177a000 rw-p 00000000 00:00 0                                  [heap]
540000000-615550000 rw-p 00000000 00:00 0 
7fc5e75ba000-7fc5e7eea000 rw-p 00000000 00:00 0 
7fc5e7eea000-7fc5e8c3f000 ---p 00000000 00:00 0 
7fc5e8c3f000-7fc5e8c4a000 rw-p 00000000 00:00 0 
7fc5e8c4a000-7fc5e9000000 ---p 00000000 00:00 0 
7fc5e9000000-7fc5e9270000 rwxp 00000000 00:00 0 
7fc5e9270000-7fc5f8000000 ---p 00000000 00:00 0 
7fc5f8000000-7fc5f8034000 rw-p 00000000 00:00 0 
7fc5f8034000-7fc5fc000000 ---p 00000000 00:00 0 
7fc5fc0d8000-7fc5fc0f2000 r-xp 00000000 08:01 1973317                    /usr/lib/jvm/jdk1.8.0_65/jre/lib/amd64/libzip.so
7fc5fc0f2000-7fc5fc2f2000 ---p 0001a000 08:01 1973317                    /usr/lib/jvm/jdk1.8.0_65/jre/lib/amd64/libzip.so
7fc5fc2f2000-7fc5fc2f3000 rw-p 0001a000 08:01 1973317                    /usr/lib/jvm/jdk1.8.0_65/jre/lib/amd64/libzip.so
7fc5fc2f3000-7fc5fc2fe000 r-xp 00000000 08:01 1708503                    /lib/x86_64-linux-gnu/libnss_files-2.19.so
7fc5fc2fe000-7fc5fc4fd000 ---p 0000b000 08:01 1708503                    /lib/x86_64-linux-gnu/libnss_files-2.19.so
7fc5fc4fd000-7fc5fc4fe000 r--p 0000a000 08:01 1708503                    /lib/x86_64-linux-gnu/libnss_files-2.19.so
7fc5fc4fe000-7fc5fc4ff000 rw-p 0000b000 08:01 1708503                    /lib/x86_64-linux-gnu/libnss_files-2.19.so
7fc5fc4ff000-7fc5fc50a000 r-xp 00000000 08:01 1708513                    /lib/x86_64-linux-gnu/libnss_nis-2.19.so
7fc5fc50a000-7fc5fc709000 ---p 0000b000 08:01 1708513                    /lib/x86_64-linux-gnu/libnss_nis-2.19.so
7fc5fc709000-7fc5fc70a000 r--p 0000a000 08:01 1708513                    /lib/x86_64-linux-gnu/libnss_nis-2.19.so
7fc5fc70a000-7fc5fc70b000 rw-p 0000b000 08:01 1708513                    /lib/x86_64-linux-gnu/libnss_nis-2.19.so
7fc5fc70b000-7fc5fc722000 r-xp 00000000 08:01 1708497                    /lib/x86_64-linux-gnu/libnsl-2.19.so
7fc5fc722000-7fc5fc921000 ---p 00017000 08:01 1708497                    /lib/x86_64-linux-gnu/libnsl-2.19.so
7fc5fc921000-7fc5fc922000 r--p 00016000 08:01 1708497                    /lib/x86_64-linux-gnu/libnsl-2.19.so
7fc5fc922000-7fc5fc923000 rw-p 00017000 08:01 1708497                    /lib/x86_64-linux-gnu/libnsl-2.19.so
7fc5fc923000-7fc5fc925000 rw-p 00000000 00:00 0 
7fc5fc925000-7fc5fc92e000 r-xp 00000000 08:01 1708499                    /lib/x86_64-linux-gnu/libnss_compat-2.19.so
7fc5fc92e000-7fc5fcb2d000 ---p 00009000 08:01 1708499                    /lib/x86_64-linux-gnu/libnss_compat-2.19.so
7fc5fcb2d000-7fc5fcb2e000 r--p 00008000 08:01 1708499                    /lib/x86_64-linux-gnu/libnss_compat-2.19.so
7fc5fcb2e000-7fc5fcb2f000 rw-p 00009000 08:01 1708499                    /lib/x86_64-linux-gnu/libnss_compat-2.19.so
7fc5fcb2f000-7fc5fcb59000 r-xp 00000000 08:01 1973295                    /usr/lib/jvm/jdk1.8.0_65/jre/lib/amd64/libjava.so
7fc5fcb59000-7fc5fcd59000 ---p 0002a000 08:01 1973295                    /usr/lib/jvm/jdk1.8.0_65/jre/lib/amd64/libjava.so
7fc5fcd59000-7fc5fcd5b000 rw-p 0002a000 08:01 1973295                    /usr/lib/jvm/jdk1.8.0_65/jre/lib/amd64/libjava.so
7fc5fcd5b000-7fc5fcd68000 r-xp 00000000 08:01 1973311                    /usr/lib/jvm/jdk1.8.0_65/jre/lib/amd64/libverify.so
7fc5fcd68000-7fc5fcf68000 ---p 0000d000 08:01 1973311                    /usr/lib/jvm/jdk1.8.0_65/jre/lib/amd64/libverify.so
7fc5fcf68000-7fc5fcf6a000 rw-p 0000d000 08:01 1973311                    /usr/lib/jvm/jdk1.8.0_65/jre/lib/amd64/libverify.so
7fc5fcf6a000-7fc5fcf71000 r-xp 00000000 08:01 1708556                    /lib/x86_64-linux-gnu/librt-2.19.so
7fc5fcf71000-7fc5fd170000 ---p 00007000 08:01 1708556                    /lib/x86_64-linux-gnu/librt-2.19.so
7fc5fd170000-7fc5fd171000 r--p 00006000 08:01 1708556                    /lib/x86_64-linux-gnu/librt-2.19.so
7fc5fd171000-7fc5fd172000 rw-p 00007000 08:01 1708556                    /lib/x86_64-linux-gnu/librt-2.19.so
7fc5fd172000-7fc5fd277000 r-xp 00000000 08:01 1708478                    /lib/x86_64-linux-gnu/libm-2.19.so
7fc5fd277000-7fc5fd476000 ---p 00105000 08:01 1708478                    /lib/x86_64-linux-gnu/libm-2.19.so
7fc5fd476000-7fc5fd477000 r--p 00104000 08:01 1708478                    /lib/x86_64-linux-gnu/libm-2.19.so
7fc5fd477000-7fc5fd478000 rw-p 00105000 08:01 1708478                    /lib/x86_64-linux-gnu/libm-2.19.so
7fc5fd478000-7fc5fe136000 r-xp 00000000 08:01 1973333                    /usr/lib/jvm/jdk1.8.0_65/jre/lib/amd64/server/libjvm.so
7fc5fe136000-7fc5fe335000 ---p 00cbe000 08:01 1973333                    /usr/lib/jvm/jdk1.8.0_65/jre/lib/amd64/server/libjvm.so
7fc5fe335000-7fc5fe40d000 rw-p 00cbd000 08:01 1973333                    /usr/lib/jvm/jdk1.8.0_65/jre/lib/amd64/server/libjvm.so
7fc5fe40d000-7fc5fe452000 rw-p 00000000 00:00 0 
7fc5fe452000-7fc5fe60d000 r-xp 00000000 08:01 1708428                    /lib/x86_64-linux-gnu/libc-2.19.so
7fc5fe60d000-7fc5fe80c000 ---p 001bb000 08:01 1708428                    /lib/x86_64-linux-gnu/libc-2.19.so
7fc5fe80c000-7fc5fe810000 r--p 001ba000 08:01 1708428                    /lib/x86_64-linux-gnu/libc-2.19.so
7fc5fe810000-7fc5fe812000 rw-p 001be000 08:01 1708428                    /lib/x86_64-linux-gnu/libc-2.19.so
7fc5fe812000-7fc5fe817000 rw-p 00000000 00:00 0 
7fc5fe817000-7fc5fe81a000 r-xp 00000000 08:01 1708445                    /lib/x86_64-linux-gnu/libdl-2.19.so
7fc5fe81a000-7fc5fea19000 ---p 00003000 08:01 1708445                    /lib/x86_64-linux-gnu/libdl-2.19.so
7fc5fea19000-7fc5fea1a000 r--p 00002000 08:01 1708445                    /lib/x86_64-linux-gnu/libdl-2.19.so
7fc5fea1a000-7fc5fea1b000 rw-p 00003000 08:01 1708445                    /lib/x86_64-linux-gnu/libdl-2.19.so
7fc5fea1b000-7fc5fea30000 r-xp 00000000 08:01 1313264                    /usr/lib/jvm/jdk1.8.0_65/lib/amd64/jli/libjli.so
7fc5fea30000-7fc5fec30000 ---p 00015000 08:01 1313264                    /usr/lib/jvm/jdk1.8.0_65/lib/amd64/jli/libjli.so
7fc5fec30000-7fc5fec31000 rw-p 00015000 08:01 1313264                    /usr/lib/jvm/jdk1.8.0_65/lib/amd64/jli/libjli.so
7fc5fec31000-7fc5fec4a000 r-xp 00000000 08:01 1708548                    /lib/x86_64-linux-gnu/libpthread-2.19.so
7fc5fec4a000-7fc5fee49000 ---p 00019000 08:01 1708548                    /lib/x86_64-linux-gnu/libpthread-2.19.so
7fc5fee49000-7fc5fee4a000 r--p 00018000 08:01 1708548                    /lib/x86_64-linux-gnu/libpthread-2.19.so
7fc5fee4a000-7fc5fee4b000 rw-p 00019000 08:01 1708548                    /lib/x86_64-linux-gnu/libpthread-2.19.so
7fc5fee4b000-7fc5fee4f000 rw-p 00000000 00:00 0 
7fc5fee4f000-7fc5fee72000 r-xp 00000000 08:01 1708404                    /lib/x86_64-linux-gnu/ld-2.19.so
7fc5fef56000-7fc5fef59000 ---p 00000000 00:00 0 
7fc5fef59000-7fc5ff05b000 rw-p 00000000 00:00 0                          [stack:2543]
7fc5ff062000-7fc5ff065000 rw-p 00000000 00:00 0 
7fc5ff065000-7fc5ff06d000 rw-s 00000000 08:01 133772                     /tmp/hsperfdata_bigdata/2542
7fc5ff06d000-7fc5ff06e000 rw-p 00000000 00:00 0 
7fc5ff06e000-7fc5ff06f000 r--p 00000000 00:00 0 
7fc5ff06f000-7fc5ff071000 rw-p 00000000 00:00 0 
7fc5ff071000-7fc5ff072000 r--p 00022000 08:01 1708404                    /lib/x86_64-linux-gnu/ld-2.19.so
7fc5ff072000-7fc5ff073000 rw-p 00023000 08:01 1708404                    /lib/x86_64-linux-gnu/ld-2.19.so
7fc5ff073000-7fc5ff074000 rw-p 00000000 00:00 0 
7ffe35a97000-7ffe35ab9000 rw-p 00000000 00:00 0                          [stack]
7ffe35af0000-7ffe35af2000 r--p 00000000 00:00 0                          [vvar]
7ffe35af2000-7ffe35af4000 r-xp 00000000 00:00 0                          [vdso]
ffffffffff600000-ffffffffff601000 r-xp 00000000 00:00 0                  [vsyscall]

VM Arguments:
jvm_args: -Xmx10g -Xms10g 
java_command: IgniteStart_New /home/dbuser/dataset/ignite_niharika_2408 8
java_class_path (initial): .:../libs/spring-expression-4.3.16.RELEASE.jar:../libs/hadoop-common-2.4.1.jar:../libs/slf4j-api-1.7.7.jar:../libs/cache-api-1.0.0.jar:../libs/commons-logging-1.1.1.jar:../libs/hadoop-hdfs-2.4.1.jar:../libs/asm-all-5.0.3.jar:../libs/ignite-core-2.6.0.jar:../libs/spring-core-4.3.16.RELEASE.jar:../libs/ignite-shmem-1.0.0.jar:../libs/hadoop-annotations-2.4.1.jar:../libs/guava-16.0.jar:../libs/h2-1.4.195.jar:../libs/log4j-1.2.17.jar:../libs/hadoop-auth-2.4.1.jar:../libs/hadoop-mapreduce-client-common-2.4.1.jar:../libs/spring-aop-4.3.16.RELEASE.jar:../libs/lucene-queryparser-5.5.2.jar:../libs/aopalliance-1.0.jar:../libs/commons-codec-1.11.jar:../libs/lucene-core-5.5.2.jar:../libs/annotations-13.0.jar:../libs/javax.servlet-api-4.0.0.jar:../libs/ignite-osgi-2.6.0.jar:../libs/org.osgi.core-5.0.0.jar:../libs/ignite-indexing-2.6.0.jar:../libs/ignite-geospatial-2.6.0.jar:../libs/postgresql-9.3-1103.jdbc3.jar:../libs/spring-tx-4.3.16.RELEASE.jar:../libs/hadoop-mapreduce-client-core-2.4.1.jar:../libs/jts-1.13.jar:../libs/spring-beans-4.3.16.RELEASE.jar:../libs/spring-jdbc-4.3.16.RELEASE.jar:../libs/ignite-spring-2.6.0.jar:../libs/lucene-analyzers-common-5.5.2.jar:../libs/spring-context-4.3.16.RELEASE.jar:.
Launcher Type: SUN_STANDARD

Environment Variables:
JAVA_HOME=/usr/lib/jvm/jdk1.8.0_65
CLASSPATH=:.:/home/bigdata/eclipse/java-mars/eclipse/workspace/simpledb/bin
PATH=/home/bigdata/projects/influxdb/chronograf-1.1.0~beta2-1/usr/bin:/home/bigdata/projects/influxdb/influxdb-1.1.1-1/usr/bin:/home/bigdata/projects/influxdb/telegraf/usr/bin:/home/bigdata/projects/neo4j/neo4j-community-3.1.0/bin:/home/bigdata/anaconda2/bin:/home/bigdata/hadoop/spark-2.2.0-bin-hadoop2.7/bin:/usr/local/src/scala/scala-2.10.4/bin:/home/bigdata/postgres9/bin:/usr/local/sbin:/usr/local/bin:/usr/sbin:/usr/bin:/sbin:/bin:/usr/games:/usr/local/games:/sbin:/home/bigdata/postgres9/bin:/home/bigdata/tools/meld-3.12.3/bin:/home/bigdata/projects/SpatialPartitioning/metis-5.1.0/build/Linux-x86_64/programs:/usr/lib/jvm/jdk1.8.0_65/bin:/home/bigdata/stado/stado/bin:/home/bigdata/hadoop/hadoop-2.7.1/bin:/home/bigdata/hadoop/hadoop-2.7.1/sbin:/home/bigdata/hive/apache-hive-1.2.1-bin/bin:/home/bigdata/hadoop/hbase-1.3.0/bin:/home/bigdata/hadoop/zookeeper-3.4.6/bin
LD_LIBRARY_PATH=/usr/lib:/lib:/home/bigdata/postgres9/lib:
SHELL=/bin/bash
DISPLAY=:0.0

Signal Handlers:
SIGSEGV: [libjvm.so+0xaba070], sa_mask[0]=11111111011111111101111111111110, sa_flags=SA_RESTART|SA_SIGINFO
SIGBUS: [libjvm.so+0xaba070], sa_mask[0]=11111111011111111101111111111110, sa_flags=SA_RESTART|SA_SIGINFO
SIGFPE: [libjvm.so+0x917630], sa_mask[0]=11111111011111111101111111111110, sa_flags=SA_RESTART|SA_SIGINFO
SIGPIPE: [libjvm.so+0x917630], sa_mask[0]=11111111011111111101111111111110, sa_flags=SA_RESTART|SA_SIGINFO
SIGXFSZ: [libjvm.so+0x917630], sa_mask[0]=11111111011111111101111111111110, sa_flags=SA_RESTART|SA_SIGINFO
SIGILL: [libjvm.so+0x917630], sa_mask[0]=11111111011111111101111111111110, sa_flags=SA_RESTART|SA_SIGINFO
SIGUSR1: SIG_DFL, sa_mask[0]=00000000000000000000000000000000, sa_flags=none
SIGUSR2: [libjvm.so+0x918c60], sa_mask[0]=00000000000000000000000000000000, sa_flags=SA_RESTART|SA_SIGINFO
SIGHUP: SIG_DFL, sa_mask[0]=00000000000000000000000000000000, sa_flags=none
SIGINT: SIG_DFL, sa_mask[0]=00000000000000000000000000000000, sa_flags=none
SIGTERM: SIG_DFL, sa_mask[0]=00000000000000000000000000000000, sa_flags=none
SIGQUIT: SIG_DFL, sa_mask[0]=00000000000000000000000000000000, sa_flags=none


---------------  S Y S T E M  ---------------

OS:DISTRIB_ID=Ubuntu
DISTRIB_RELEASE=14.04
DISTRIB_CODENAME=trusty
DISTRIB_DESCRIPTION="Ubuntu 14.04.3 LTS"

uname:Linux 3.19.0-47-generic #53~14.04.1-Ubuntu SMP Mon Jan 18 16:09:14 UTC 2016 x86_64
libc:glibc 2.19 NPTL 2.19 
rlimit: STACK 8192k, CORE 0k, NPROC 7921, NOFILE 4096, AS infinity
load average:0.51 0.43 0.24

/proc/meminfo:
MemTotal:        2049252 kB
MemFree:         1147708 kB
MemAvailable:    1478716 kB
Buffers:          101336 kB
Cached:           342732 kB
SwapCached:            0 kB
Active:           568652 kB
Inactive:         245996 kB
Active(anon):     371360 kB
Inactive(anon):    11480 kB
Active(file):     197292 kB
Inactive(file):   234516 kB
Unevictable:          32 kB
Mlocked:              32 kB
SwapTotal:       3142652 kB
SwapFree:        3142652 kB
Dirty:               236 kB
Writeback:             0 kB
AnonPages:        370628 kB
Mapped:           148032 kB
Shmem:             12244 kB
Slab:              40664 kB
SReclaimable:      23644 kB
SUnreclaim:        17020 kB
KernelStack:        5232 kB
PageTables:        23164 kB
NFS_Unstable:          0 kB
Bounce:                0 kB
WritebackTmp:          0 kB
CommitLimit:     4167276 kB
Committed_AS:    5959460 kB
VmallocTotal:   34359738367 kB
VmallocUsed:       29756 kB
VmallocChunk:   34359704404 kB
HardwareCorrupted:     0 kB
AnonHugePages:    135168 kB
CmaTotal:              0 kB
CmaFree:               0 kB
HugePages_Total:       0
HugePages_Free:        0
HugePages_Rsvd:        0
HugePages_Surp:        0
Hugepagesize:       2048 kB
DirectMap4k:       61376 kB
DirectMap2M:     2035712 kB


CPU:total 1 (1 cores per cpu, 1 threads per core) family 6 model 58 stepping 9, cmov, cx8, fxsr, mmx, sse, sse2, sse3, ssse3, sse4.1, sse4.2, popcnt, avx, aes, clmul, tsc, tscinvbit, tscinv

/proc/cpuinfo:
processor	: 0
vendor_id	: GenuineIntel
cpu family	: 6
model		: 58
model name	: Intel(R) Core(TM) i7-3770 CPU @ 3.40GHz
stepping	: 9
microcode	: 0x19
cpu MHz		: 3392.454
cache size	: 8192 KB
physical id	: 0
siblings	: 1
core id		: 0
cpu cores	: 1
apicid		: 0
initial apicid	: 0
fpu		: yes
fpu_exception	: yes
cpuid level	: 13
wp		: yes
flags		: fpu vme de pse tsc msr pae mce cx8 apic sep mtrr pge mca cmov pat pse36 clflush mmx fxsr sse sse2 ht syscall nx rdtscp lm constant_tsc rep_good nopl xtopology nonstop_tsc pni pclmulqdq monitor ssse3 cx16 pcid sse4_1 sse4_2 popcnt aes xsave avx rdrand lahf_lm fsgsbase
bugs		:
bogomips	: 6784.90
clflush size	: 64
cache_alignment	: 64
address sizes	: 36 bits physical, 48 bits virtual
power management:



Memory: 4k page, physical 2049252k(1147708k free), swap 3142652k(3142652k free)

vm_info: Java HotSpot(TM) 64-Bit Server VM (25.65-b01) for linux-amd64 JRE (1.8.0_65-b17), built on Oct  6 2015 17:16:12 by "java_re" with gcc 4.3.0 20080428 (Red Hat 4.3.0-8)

time: Sun Oct 20 21:10:46 2019
elapsed time: 0 seconds (0d 0h 0m 0s)

