#
# There is insufficient memory for the Java Runtime Environment to continue.
# Native memory allocation (mmap) failed to map 7158300672 bytes for committing reserved memory.
# Possible reasons:
#   The system is out of physical RAM or swap space
#   In 32 bit mode, the process size limit was hit
# Possible solutions:
#   Reduce memory load on the system
#   Increase physical memory or swap space
#   Check if swap backing store is full
#   Use 64 bit Java on a 64 bit OS
#   Decrease Java heap size (-Xmx/-Xms)
#   Decrease number of Java threads
#   Decrease Java thread stack sizes (-Xss)
#   Set larger code cache with -XX:ReservedCodeCacheSize=
# This output file may be truncated or incomplete.
#
#  Out of Memory Error (os_linux.cpp:2627), pid=2492, tid=140429169796864
#
# JRE version:  (8.0_65-b17) (build )
# Java VM: Java HotSpot(TM) 64-Bit Server VM (25.65-b01 mixed mode linux-amd64 compressed oops)
# Failed to write core dump. Core dumps have been disabled. To enable core dumping, try "ulimit -c unlimited" before starting Java again
#

---------------  T H R E A D  ---------------

Current thread (0x00007fb830009800):  JavaThread "Unknown thread" [_thread_in_vm, id=2493, stack(0x00007fb836b82000,0x00007fb836c83000)]

Stack: [0x00007fb836b82000,0x00007fb836c83000],  sp=0x00007fb836c81300,  free space=1020k
Native frames: (J=compiled Java code, j=interpreted, Vv=VM code, C=native code)
V  [libjvm.so+0xab97ea]  VMError::report_and_die()+0x2ba
V  [libjvm.so+0x4f9dcb]  report_vm_out_of_memory(char const*, int, unsigned long, VMErrorType, char const*)+0x8b
V  [libjvm.so+0x91a7c3]  os::Linux::commit_memory_impl(char*, unsigned long, bool)+0x103
V  [libjvm.so+0x91ad19]  os::pd_commit_memory(char*, unsigned long, unsigned long, bool)+0x29
V  [libjvm.so+0x91502a]  os::commit_memory(char*, unsigned long, unsigned long, bool)+0x2a
V  [libjvm.so+0xab5549]  VirtualSpace::expand_by(unsigned long, bool)+0x199
V  [libjvm.so+0xab609e]  VirtualSpace::initialize(ReservedSpace, unsigned long)+0xee
V  [libjvm.so+0x5f6891]  CardGeneration::CardGeneration(ReservedSpace, unsigned long, int, GenRemSet*)+0xf1
V  [libjvm.so+0xa5d17f]  TenuredGeneration::TenuredGeneration(ReservedSpace, unsigned long, int, GenRemSet*)+0x5f
V  [libjvm.so+0x5f7b99]  GenerationSpec::init(ReservedSpace, int, GenRemSet*)+0x339
V  [libjvm.so+0x5e663e]  GenCollectedHeap::initialize()+0x1de
V  [libjvm.so+0xa8218b]  Universe::initialize_heap()+0xfb
V  [libjvm.so+0xa824fe]  universe_init()+0x3e
V  [libjvm.so+0x6388a5]  init_globals()+0x65
V  [libjvm.so+0xa666fe]  Threads::create_vm(JavaVMInitArgs*, bool*)+0x23e
V  [libjvm.so+0x6ccd34]  JNI_CreateJavaVM+0x74
C  [libjli.so+0x745e]  JavaMain+0x9e
C  [libpthread.so.0+0x8182]  start_thread+0xc2


---------------  P R O C E S S  ---------------

Java Threads: ( => current thread )

Other Threads:

=>0x00007fb830009800 (exited) JavaThread "Unknown thread" [_thread_in_vm, id=2493, stack(0x00007fb836b82000,0x00007fb836c83000)]

VM state:not at safepoint (not fully initialized)

VM Mutex/Monitor currently owned by a thread: None

GC Heap History (0 events):
No events

Deoptimization events (0 events):
No events

Internal exceptions (0 events):
No events

Events (0 events):
No events


Dynamic libraries:
00400000-00401000 r-xp 00000000 08:01 1973460                            /usr/lib/jvm/jdk1.8.0_65/bin/java
00600000-00601000 rw-p 00000000 08:01 1973460                            /usr/lib/jvm/jdk1.8.0_65/bin/java
01711000-01732000 rw-p 00000000 00:00 0                                  [heap]
540000000-615550000 rw-p 00000000 00:00 0 
7fb81f282000-7fb81fac3000 rw-p 00000000 00:00 0 
7fb81fac3000-7fb820818000 ---p 00000000 00:00 0 
7fb820818000-7fb820823000 rw-p 00000000 00:00 0 
7fb820823000-7fb820bd9000 ---p 00000000 00:00 0 
7fb820bd9000-7fb820e49000 rwxp 00000000 00:00 0 
7fb820e49000-7fb82fbd9000 ---p 00000000 00:00 0 
7fb82fbd9000-7fb82fbf3000 r-xp 00000000 08:01 1973317                    /usr/lib/jvm/jdk1.8.0_65/jre/lib/amd64/libzip.so
7fb82fbf3000-7fb82fdf3000 ---p 0001a000 08:01 1973317                    /usr/lib/jvm/jdk1.8.0_65/jre/lib/amd64/libzip.so
7fb82fdf3000-7fb82fdf4000 rw-p 0001a000 08:01 1973317                    /usr/lib/jvm/jdk1.8.0_65/jre/lib/amd64/libzip.so
7fb82fdf4000-7fb82fdff000 r-xp 00000000 08:01 1708503                    /lib/x86_64-linux-gnu/libnss_files-2.19.so
7fb82fdff000-7fb82fffe000 ---p 0000b000 08:01 1708503                    /lib/x86_64-linux-gnu/libnss_files-2.19.so
7fb82fffe000-7fb82ffff000 r--p 0000a000 08:01 1708503                    /lib/x86_64-linux-gnu/libnss_files-2.19.so
7fb82ffff000-7fb830000000 rw-p 0000b000 08:01 1708503                    /lib/x86_64-linux-gnu/libnss_files-2.19.so
7fb830000000-7fb830033000 rw-p 00000000 00:00 0 
7fb830033000-7fb834000000 ---p 00000000 00:00 0 
7fb83403c000-7fb83412b000 rw-p 00000000 00:00 0 
7fb83412b000-7fb834136000 r-xp 00000000 08:01 1708513                    /lib/x86_64-linux-gnu/libnss_nis-2.19.so
7fb834136000-7fb834335000 ---p 0000b000 08:01 1708513                    /lib/x86_64-linux-gnu/libnss_nis-2.19.so
7fb834335000-7fb834336000 r--p 0000a000 08:01 1708513                    /lib/x86_64-linux-gnu/libnss_nis-2.19.so
7fb834336000-7fb834337000 rw-p 0000b000 08:01 1708513                    /lib/x86_64-linux-gnu/libnss_nis-2.19.so
7fb834337000-7fb83434e000 r-xp 00000000 08:01 1708497                    /lib/x86_64-linux-gnu/libnsl-2.19.so
7fb83434e000-7fb83454d000 ---p 00017000 08:01 1708497                    /lib/x86_64-linux-gnu/libnsl-2.19.so
7fb83454d000-7fb83454e000 r--p 00016000 08:01 1708497                    /lib/x86_64-linux-gnu/libnsl-2.19.so
7fb83454e000-7fb83454f000 rw-p 00017000 08:01 1708497                    /lib/x86_64-linux-gnu/libnsl-2.19.so
7fb83454f000-7fb834551000 rw-p 00000000 00:00 0 
7fb834551000-7fb83455a000 r-xp 00000000 08:01 1708499                    /lib/x86_64-linux-gnu/libnss_compat-2.19.so
7fb83455a000-7fb834759000 ---p 00009000 08:01 1708499                    /lib/x86_64-linux-gnu/libnss_compat-2.19.so
7fb834759000-7fb83475a000 r--p 00008000 08:01 1708499                    /lib/x86_64-linux-gnu/libnss_compat-2.19.so
7fb83475a000-7fb83475b000 rw-p 00009000 08:01 1708499                    /lib/x86_64-linux-gnu/libnss_compat-2.19.so
7fb83475b000-7fb834785000 r-xp 00000000 08:01 1973295                    /usr/lib/jvm/jdk1.8.0_65/jre/lib/amd64/libjava.so
7fb834785000-7fb834985000 ---p 0002a000 08:01 1973295                    /usr/lib/jvm/jdk1.8.0_65/jre/lib/amd64/libjava.so
7fb834985000-7fb834987000 rw-p 0002a000 08:01 1973295                    /usr/lib/jvm/jdk1.8.0_65/jre/lib/amd64/libjava.so
7fb834987000-7fb834994000 r-xp 00000000 08:01 1973311                    /usr/lib/jvm/jdk1.8.0_65/jre/lib/amd64/libverify.so
7fb834994000-7fb834b94000 ---p 0000d000 08:01 1973311                    /usr/lib/jvm/jdk1.8.0_65/jre/lib/amd64/libverify.so
7fb834b94000-7fb834b96000 rw-p 0000d000 08:01 1973311                    /usr/lib/jvm/jdk1.8.0_65/jre/lib/amd64/libverify.so
7fb834b96000-7fb834b9d000 r-xp 00000000 08:01 1708556                    /lib/x86_64-linux-gnu/librt-2.19.so
7fb834b9d000-7fb834d9c000 ---p 00007000 08:01 1708556                    /lib/x86_64-linux-gnu/librt-2.19.so
7fb834d9c000-7fb834d9d000 r--p 00006000 08:01 1708556                    /lib/x86_64-linux-gnu/librt-2.19.so
7fb834d9d000-7fb834d9e000 rw-p 00007000 08:01 1708556                    /lib/x86_64-linux-gnu/librt-2.19.so
7fb834d9e000-7fb834ea3000 r-xp 00000000 08:01 1708478                    /lib/x86_64-linux-gnu/libm-2.19.so
7fb834ea3000-7fb8350a2000 ---p 00105000 08:01 1708478                    /lib/x86_64-linux-gnu/libm-2.19.so
7fb8350a2000-7fb8350a3000 r--p 00104000 08:01 1708478                    /lib/x86_64-linux-gnu/libm-2.19.so
7fb8350a3000-7fb8350a4000 rw-p 00105000 08:01 1708478                    /lib/x86_64-linux-gnu/libm-2.19.so
7fb8350a4000-7fb835d62000 r-xp 00000000 08:01 1973333                    /usr/lib/jvm/jdk1.8.0_65/jre/lib/amd64/server/libjvm.so
7fb835d62000-7fb835f61000 ---p 00cbe000 08:01 1973333                    /usr/lib/jvm/jdk1.8.0_65/jre/lib/amd64/server/libjvm.so
7fb835f61000-7fb836039000 rw-p 00cbd000 08:01 1973333                    /usr/lib/jvm/jdk1.8.0_65/jre/lib/amd64/server/libjvm.so
7fb836039000-7fb83607e000 rw-p 00000000 00:00 0 
7fb83607e000-7fb836239000 r-xp 00000000 08:01 1708428                    /lib/x86_64-linux-gnu/libc-2.19.so
7fb836239000-7fb836438000 ---p 001bb000 08:01 1708428                    /lib/x86_64-linux-gnu/libc-2.19.so
7fb836438000-7fb83643c000 r--p 001ba000 08:01 1708428                    /lib/x86_64-linux-gnu/libc-2.19.so
7fb83643c000-7fb83643e000 rw-p 001be000 08:01 1708428                    /lib/x86_64-linux-gnu/libc-2.19.so
7fb83643e000-7fb836443000 rw-p 00000000 00:00 0 
7fb836443000-7fb836446000 r-xp 00000000 08:01 1708445                    /lib/x86_64-linux-gnu/libdl-2.19.so
7fb836446000-7fb836645000 ---p 00003000 08:01 1708445                    /lib/x86_64-linux-gnu/libdl-2.19.so
7fb836645000-7fb836646000 r--p 00002000 08:01 1708445                    /lib/x86_64-linux-gnu/libdl-2.19.so
7fb836646000-7fb836647000 rw-p 00003000 08:01 1708445                    /lib/x86_64-linux-gnu/libdl-2.19.so
7fb836647000-7fb83665c000 r-xp 00000000 08:01 1313264                    /usr/lib/jvm/jdk1.8.0_65/lib/amd64/jli/libjli.so
7fb83665c000-7fb83685c000 ---p 00015000 08:01 1313264                    /usr/lib/jvm/jdk1.8.0_65/lib/amd64/jli/libjli.so
7fb83685c000-7fb83685d000 rw-p 00015000 08:01 1313264                    /usr/lib/jvm/jdk1.8.0_65/lib/amd64/jli/libjli.so
7fb83685d000-7fb836876000 r-xp 00000000 08:01 1708548                    /lib/x86_64-linux-gnu/libpthread-2.19.so
7fb836876000-7fb836a75000 ---p 00019000 08:01 1708548                    /lib/x86_64-linux-gnu/libpthread-2.19.so
7fb836a75000-7fb836a76000 r--p 00018000 08:01 1708548                    /lib/x86_64-linux-gnu/libpthread-2.19.so
7fb836a76000-7fb836a77000 rw-p 00019000 08:01 1708548                    /lib/x86_64-linux-gnu/libpthread-2.19.so
7fb836a77000-7fb836a7b000 rw-p 00000000 00:00 0 
7fb836a7b000-7fb836a9e000 r-xp 00000000 08:01 1708404                    /lib/x86_64-linux-gnu/ld-2.19.so
7fb836b82000-7fb836b85000 ---p 00000000 00:00 0 
7fb836b85000-7fb836c87000 rw-p 00000000 00:00 0                          [stack:2493]
7fb836c8e000-7fb836c91000 rw-p 00000000 00:00 0 
7fb836c91000-7fb836c99000 rw-s 00000000 08:01 133772                     /tmp/hsperfdata_bigdata/2492
7fb836c99000-7fb836c9a000 rw-p 00000000 00:00 0 
7fb836c9a000-7fb836c9b000 r--p 00000000 00:00 0 
7fb836c9b000-7fb836c9d000 rw-p 00000000 00:00 0 
7fb836c9d000-7fb836c9e000 r--p 00022000 08:01 1708404                    /lib/x86_64-linux-gnu/ld-2.19.so
7fb836c9e000-7fb836c9f000 rw-p 00023000 08:01 1708404                    /lib/x86_64-linux-gnu/ld-2.19.so
7fb836c9f000-7fb836ca0000 rw-p 00000000 00:00 0 
7fff14f89000-7fff14fab000 rw-p 00000000 00:00 0                          [stack]
7fff14fd7000-7fff14fd9000 r--p 00000000 00:00 0                          [vvar]
7fff14fd9000-7fff14fdb000 r-xp 00000000 00:00 0                          [vdso]
ffffffffff600000-ffffffffff601000 r-xp 00000000 00:00 0                  [vsyscall]

VM Arguments:
jvm_args: -Xmx10g -Xms10g 
java_command: IgniteStart_New /home/dbuser/dataset/ignite_niharika_2408 8
java_class_path (initial): .:../libs/*:.
Launcher Type: SUN_STANDARD

Environment Variables:
JAVA_HOME=/usr/lib/jvm/jdk1.8.0_65
CLASSPATH=:.:/home/bigdata/eclipse/java-mars/eclipse/workspace/simpledb/bin
PATH=/home/bigdata/projects/influxdb/chronograf-1.1.0~beta2-1/usr/bin:/home/bigdata/projects/influxdb/influxdb-1.1.1-1/usr/bin:/home/bigdata/projects/influxdb/telegraf/usr/bin:/home/bigdata/projects/neo4j/neo4j-community-3.1.0/bin:/home/bigdata/anaconda2/bin:/home/bigdata/hadoop/spark-2.2.0-bin-hadoop2.7/bin:/usr/local/src/scala/scala-2.10.4/bin:/home/bigdata/postgres9/bin:/usr/local/sbin:/usr/local/bin:/usr/sbin:/usr/bin:/sbin:/bin:/usr/games:/usr/local/games:/sbin:/home/bigdata/postgres9/bin:/home/bigdata/tools/meld-3.12.3/bin:/home/bigdata/projects/SpatialPartitioning/metis-5.1.0/build/Linux-x86_64/programs:/usr/lib/jvm/jdk1.8.0_65/bin:/home/bigdata/stado/stado/bin:/home/bigdata/hadoop/hadoop-2.7.1/bin:/home/bigdata/hadoop/hadoop-2.7.1/sbin:/home/bigdata/hive/apache-hive-1.2.1-bin/bin:/home/bigdata/hadoop/hbase-1.3.0/bin:/home/bigdata/hadoop/zookeeper-3.4.6/bin
LD_LIBRARY_PATH=/usr/lib:/lib:/home/bigdata/postgres9/lib:
SHELL=/bin/bash
DISPLAY=:0.0

Signal Handlers:
SIGSEGV: [libjvm.so+0xaba070], sa_mask[0]=11111111011111111101111111111110, sa_flags=SA_RESTART|SA_SIGINFO
SIGBUS: [libjvm.so+0xaba070], sa_mask[0]=11111111011111111101111111111110, sa_flags=SA_RESTART|SA_SIGINFO
SIGFPE: [libjvm.so+0x917630], sa_mask[0]=11111111011111111101111111111110, sa_flags=SA_RESTART|SA_SIGINFO
SIGPIPE: [libjvm.so+0x917630], sa_mask[0]=11111111011111111101111111111110, sa_flags=SA_RESTART|SA_SIGINFO
SIGXFSZ: [libjvm.so+0x917630], sa_mask[0]=11111111011111111101111111111110, sa_flags=SA_RESTART|SA_SIGINFO
SIGILL: [libjvm.so+0x917630], sa_mask[0]=11111111011111111101111111111110, sa_flags=SA_RESTART|SA_SIGINFO
SIGUSR1: SIG_DFL, sa_mask[0]=00000000000000000000000000000000, sa_flags=none
SIGUSR2: [libjvm.so+0x918c60], sa_mask[0]=00000000000000000000000000000000, sa_flags=SA_RESTART|SA_SIGINFO
SIGHUP: SIG_DFL, sa_mask[0]=00000000000000000000000000000000, sa_flags=none
SIGINT: SIG_DFL, sa_mask[0]=00000000000000000000000000000000, sa_flags=none
SIGTERM: SIG_DFL, sa_mask[0]=00000000000000000000000000000000, sa_flags=none
SIGQUIT: SIG_DFL, sa_mask[0]=00000000000000000000000000000000, sa_flags=none


---------------  S Y S T E M  ---------------

OS:DISTRIB_ID=Ubuntu
DISTRIB_RELEASE=14.04
DISTRIB_CODENAME=trusty
DISTRIB_DESCRIPTION="Ubuntu 14.04.3 LTS"

uname:Linux 3.19.0-47-generic #53~14.04.1-Ubuntu SMP Mon Jan 18 16:09:14 UTC 2016 x86_64
libc:glibc 2.19 NPTL 2.19 
rlimit: STACK 8192k, CORE 0k, NPROC 7921, NOFILE 4096, AS infinity
load average:0.39 0.37 0.19

/proc/meminfo:
MemTotal:        2049252 kB
MemFree:         1195260 kB
MemAvailable:    1524996 kB
Buffers:          101168 kB
Cached:           341112 kB
SwapCached:            0 kB
Active:           518660 kB
Inactive:         249376 kB
Active(anon):     326612 kB
Inactive(anon):    10848 kB
Active(file):     192048 kB
Inactive(file):   238528 kB
Unevictable:          32 kB
Mlocked:              32 kB
SwapTotal:       3142652 kB
SwapFree:        3142652 kB
Dirty:               120 kB
Writeback:             0 kB
AnonPages:        325884 kB
Mapped:           142488 kB
Shmem:             11608 kB
Slab:              40432 kB
SReclaimable:      23568 kB
SUnreclaim:        16864 kB
KernelStack:        5136 kB
PageTables:        22484 kB
NFS_Unstable:          0 kB
Bounce:                0 kB
WritebackTmp:          0 kB
CommitLimit:     4167276 kB
Committed_AS:    5865300 kB
VmallocTotal:   34359738367 kB
VmallocUsed:       29756 kB
VmallocChunk:   34359704404 kB
HardwareCorrupted:     0 kB
AnonHugePages:    110592 kB
CmaTotal:              0 kB
CmaFree:               0 kB
HugePages_Total:       0
HugePages_Free:        0
HugePages_Rsvd:        0
HugePages_Surp:        0
Hugepagesize:       2048 kB
DirectMap4k:       61376 kB
DirectMap2M:     2035712 kB


CPU:total 1 (1 cores per cpu, 1 threads per core) family 6 model 58 stepping 9, cmov, cx8, fxsr, mmx, sse, sse2, sse3, ssse3, sse4.1, sse4.2, popcnt, avx, aes, clmul, tsc, tscinvbit, tscinv

/proc/cpuinfo:
processor	: 0
vendor_id	: GenuineIntel
cpu family	: 6
model		: 58
model name	: Intel(R) Core(TM) i7-3770 CPU @ 3.40GHz
stepping	: 9
microcode	: 0x19
cpu MHz		: 3392.454
cache size	: 8192 KB
physical id	: 0
siblings	: 1
core id		: 0
cpu cores	: 1
apicid		: 0
initial apicid	: 0
fpu		: yes
fpu_exception	: yes
cpuid level	: 13
wp		: yes
flags		: fpu vme de pse tsc msr pae mce cx8 apic sep mtrr pge mca cmov pat pse36 clflush mmx fxsr sse sse2 ht syscall nx rdtscp lm constant_tsc rep_good nopl xtopology nonstop_tsc pni pclmulqdq monitor ssse3 cx16 pcid sse4_1 sse4_2 popcnt aes xsave avx rdrand lahf_lm fsgsbase
bugs		:
bogomips	: 6784.90
clflush size	: 64
cache_alignment	: 64
address sizes	: 36 bits physical, 48 bits virtual
power management:



Memory: 4k page, physical 2049252k(1195260k free), swap 3142652k(3142652k free)

vm_info: Java HotSpot(TM) 64-Bit Server VM (25.65-b01) for linux-amd64 JRE (1.8.0_65-b17), built on Oct  6 2015 17:16:12 by "java_re" with gcc 4.3.0 20080428 (Red Hat 4.3.0-8)

time: Sun Oct 20 21:07:56 2019
elapsed time: 0 seconds (0d 0h 0m 0s)

