[12:01:59,375][INFO][main][IgniteKernal] 

>>>    __________  ________________  
>>>   /  _/ ___/ |/ /  _/_  __/ __/  
>>>  _/ // (7 7    // /  / / / _/    
>>> /___/\___/_/|_/___/ /_/ /___/   
>>> 
>>> ver. 2.6.0#19691231-sha1:DEV
>>> 2018 Copyright(C) Apache Software Foundation
>>> 
>>> Ignite documentation: http://ignite.apache.org

[12:01:59,394][INFO][main][IgniteKernal] Config URL: file:/home/bigdata/SpatialIgniteCode/IgniteSpatial_New/config/default-config.xml
[12:01:59,468][INFO][main][IgniteKernal] IgniteConfiguration [igniteInstanceName=null, pubPoolSize=8, svcPoolSize=8, callbackPoolSize=8, stripedPoolSize=8, sysPoolSize=8, mgmtPoolSize=4, igfsPoolSize=1, dataStreamerPoolSize=8, utilityCachePoolSize=8, utilityCacheKeepAliveTime=60000, p2pPoolSize=2, qryPoolSize=8, igniteHome=/home/bigdata/SpatialIgniteCode/IgniteSpatial_New, igniteWorkDir=/home/bigdata/SpatialIgniteCode/IgniteSpatial_New/work, mbeanSrv=com.sun.jmx.mbeanserver.JmxMBeanServer@48a242ce, nodeId=833caa3b-aba7-4823-9638-04af9a8267dc, marsh=org.apache.ignite.internal.binary.BinaryMarshaller@fbd1f6, marshLocJobs=false, daemon=false, p2pEnabled=false, netTimeout=5000, sndRetryDelay=1000, sndRetryCnt=3, metricsHistSize=10000, metricsUpdateFreq=2000, metricsExpTime=9223372036854775807, discoSpi=TcpDiscoverySpi [addrRslvr=null, sockTimeout=0, ackTimeout=0, marsh=null, reconCnt=10, reconDelay=2000, maxAckTimeout=600000, forceSrvMode=false, clientReconnectDisabled=false, internalLsnr=null], segPlc=STOP, segResolveAttempts=2, waitForSegOnStart=true, allResolversPassReq=true, segChkFreq=10000, commSpi=TcpCommunicationSpi [connectGate=null, connPlc=null, enableForcibleNodeKill=false, enableTroubleshootingLog=false, srvLsnr=org.apache.ignite.spi.communication.tcp.TcpCommunicationSpi$2@61322f9d, locAddr=null, locHost=null, locPort=47100, locPortRange=100, shmemPort=-1, directBuf=true, directSndBuf=false, idleConnTimeout=600000, connTimeout=5000, maxConnTimeout=600000, reconCnt=10, sockSndBuf=32768, sockRcvBuf=32768, msgQueueLimit=0, slowClientQueueLimit=0, nioSrvr=null, shmemSrv=null, usePairedConnections=false, connectionsPerNode=1, tcpNoDelay=true, filterReachableAddresses=false, ackSndThreshold=32, unackedMsgsBufSize=0, sockWriteTimeout=2000, lsnr=null, boundTcpPort=-1, boundTcpShmemPort=-1, selectorsCnt=4, selectorSpins=0, addrRslvr=null, ctxInitLatch=java.util.concurrent.CountDownLatch@6ad82709[Count = 1], stopping=false, metricsLsnr=org.apache.ignite.spi.communication.tcp.TcpCommunicationMetricsListener@510f3d34], evtSpi=org.apache.ignite.spi.eventstorage.NoopEventStorageSpi@7817fd62, colSpi=NoopCollisionSpi [], deploySpi=LocalDeploymentSpi [lsnr=null], indexingSpi=org.apache.ignite.spi.indexing.noop.NoopIndexingSpi@fa4c865, addrRslvr=null, clientMode=false, rebalanceThreadPoolSize=1, txCfg=org.apache.ignite.configuration.TransactionConfiguration@3bd82cf5, cacheSanityCheckEnabled=true, discoStartupDelay=60000, deployMode=SHARED, p2pMissedCacheSize=100, locHost=null, timeSrvPortBase=31100, timeSrvPortRange=100, failureDetectionTimeout=10000, clientFailureDetectionTimeout=30000, metricsLogFreq=60000, hadoopCfg=null, connectorCfg=org.apache.ignite.configuration.ConnectorConfiguration@544fa968, odbcCfg=null, warmupClos=null, atomicCfg=AtomicConfiguration [seqReserveSize=1000, cacheMode=PARTITIONED, backups=1, aff=null, grpName=null], classLdr=null, sslCtxFactory=null, platformCfg=null, binaryCfg=null, memCfg=null, pstCfg=null, dsCfg=DataStorageConfiguration [sysRegionInitSize=41943040, sysCacheMaxSize=104857600, pageSize=8192, concLvl=4, dfltDataRegConf=DataRegionConfiguration [name=default, maxSize=4294967296, initSize=524288000, swapPath=null, pageEvictionMode=DISABLED, evictionThreshold=0.9, emptyPagesPoolSize=100, metricsEnabled=true, metricsSubIntervalCount=5, metricsRateTimeInterval=60000, persistenceEnabled=true, checkpointPageBufSize=0], storagePath=null, checkpointFreq=180000, lockWaitTime=10000, checkpointThreads=4, checkpointWriteOrder=SEQUENTIAL, walHistSize=20, walSegments=10, walSegmentSize=67108864, walPath=db/wal, walArchivePath=db/wal/archive, metricsEnabled=false, walMode=LOG_ONLY, walTlbSize=131072, walBuffSize=0, walFlushFreq=2000, walFsyncDelay=1000, walRecordIterBuffSize=67108864, alwaysWriteFullPages=false, fileIOFactory=org.apache.ignite.internal.processors.cache.persistence.file.AsyncFileIOFactory@d35dea7, metricsSubIntervalCnt=5, metricsRateTimeInterval=60000, walAutoArchiveAfterInactivity=-1, writeThrottlingEnabled=false, walCompactionEnabled=false], activeOnStart=true, autoActivation=true, longQryWarnTimeout=3000, sqlConnCfg=null, cliConnCfg=ClientConnectorConfiguration [host=null, port=10800, portRange=100, sockSndBufSize=0, sockRcvBufSize=0, tcpNoDelay=true, maxOpenCursorsPerConn=128, threadPoolSize=8, idleTimeout=0, jdbcEnabled=true, odbcEnabled=true, thinCliEnabled=true, sslEnabled=false, useIgniteSslCtxFactory=true, sslClientAuth=false, sslCtxFactory=null], authEnabled=false, failureHnd=null, commFailureRslvr=null]
[12:01:59,473][INFO][main][IgniteKernal] Daemon mode: off
[12:01:59,474][INFO][main][IgniteKernal] OS: Linux 3.19.0-47-generic amd64
[12:01:59,474][INFO][main][IgniteKernal] OS user: bigdata
[12:01:59,476][INFO][main][IgniteKernal] PID: 3041
[12:01:59,476][INFO][main][IgniteKernal] Language runtime: Java Platform API Specification ver. 1.8
[12:01:59,476][INFO][main][IgniteKernal] VM information: Java(TM) SE Runtime Environment 1.8.0_65-b17 Oracle Corporation Java HotSpot(TM) 64-Bit Server VM 25.65-b01
[12:01:59,477][INFO][main][IgniteKernal] VM total memory: 0.97GB
[12:01:59,478][INFO][main][IgniteKernal] Remote Management [restart: off, REST: on, JMX (remote: off)]
[12:01:59,478][INFO][main][IgniteKernal] Logger: JavaLogger [quiet=true, config=null]
[12:01:59,478][INFO][main][IgniteKernal] IGNITE_HOME=/home/bigdata/SpatialIgniteCode/IgniteSpatial_New
[12:01:59,478][INFO][main][IgniteKernal] VM arguments: [-Xmx1g, -Xms1g]
[12:01:59,478][INFO][main][IgniteKernal] System cache's DataRegion size is configured to 40 MB. Use DataStorageConfiguration.systemCacheMemorySize property to change the setting.
[12:01:59,522][INFO][main][IgniteKernal] Configured caches [in 'sysMemPlc' dataRegion: ['ignite-sys-cache']]
[12:01:59,549][INFO][main][IgniteKernal] 3-rd party licenses can be found at: /home/bigdata/SpatialIgniteCode/IgniteSpatial_New/libs/licenses
[12:01:59,661][INFO][main][IgnitePluginProcessor] Configured plugins:
[12:01:59,661][INFO][main][IgnitePluginProcessor]   ^-- None
[12:01:59,662][INFO][main][IgnitePluginProcessor] 
[12:01:59,663][INFO][main][FailureProcessor] Configured failure handler: [hnd=StopNodeOrHaltFailureHandler [tryStop=false, timeout=0]]
[12:01:59,766][INFO][main][TcpCommunicationSpi] Successfully bound communication NIO server to TCP port [port=47100, locHost=0.0.0.0/0.0.0.0, selectorsCnt=4, selectorSpins=0, pairedConn=false]
[12:02:04,795][WARNING][main][TcpCommunicationSpi] Message queue limit is set to 0 which may lead to potential OOMEs when running cache operations in FULL_ASYNC or PRIMARY_SYNC modes due to message queues growth on sender and receiver sides.
[12:02:04,852][WARNING][main][NoopCheckpointSpi] Checkpoints are disabled (to enable configure any GridCheckpointSpi implementation)
[12:02:04,885][WARNING][main][GridCollisionManager] Collision resolution is disabled (all jobs will be activated upon arrival).
[12:02:04,886][INFO][main][IgniteKernal] Security status [authentication=off, tls/ssl=off]
[12:02:04,964][INFO][main][TcpDiscoverySpi] Successfully bound to TCP port [port=47500, localHost=0.0.0.0/0.0.0.0, locNodeId=833caa3b-aba7-4823-9638-04af9a8267dc]
[12:02:04,990][INFO][main][PdsFoldersResolver] Successfully locked persistence storage folder [/home/bigdata/SpatialIgniteCode/IgniteSpatial_New/work/db/node00-50cb028d-a4c5-4f6f-a569-4a39ed62eea1]
[12:02:04,990][INFO][main][PdsFoldersResolver] Consistent ID used for local node is [50cb028d-a4c5-4f6f-a569-4a39ed62eea1] according to persistence data storage folders
[12:02:04,991][INFO][main][CacheObjectBinaryProcessorImpl] Resolved directory for serialized binary metadata: /home/bigdata/SpatialIgniteCode/IgniteSpatial_New/work/binary_meta/node00-50cb028d-a4c5-4f6f-a569-4a39ed62eea1
[12:02:05,282][INFO][main][FilePageStoreManager] Resolved page store work directory: /home/bigdata/SpatialIgniteCode/IgniteSpatial_New/work/db/node00-50cb028d-a4c5-4f6f-a569-4a39ed62eea1
[12:02:05,282][INFO][main][FileWriteAheadLogManager] Resolved write ahead log work directory: /home/bigdata/SpatialIgniteCode/IgniteSpatial_New/work/db/wal/node00-50cb028d-a4c5-4f6f-a569-4a39ed62eea1
[12:02:05,285][INFO][main][FileWriteAheadLogManager] Resolved write ahead log archive directory: /home/bigdata/SpatialIgniteCode/IgniteSpatial_New/work/db/wal/archive/node00-50cb028d-a4c5-4f6f-a569-4a39ed62eea1
[12:02:05,312][INFO][main][FileWriteAheadLogManager] Started write-ahead log manager [mode=LOG_ONLY]
[12:02:05,495][INFO][main][GridCacheDatabaseSharedManager] Read checkpoint status [startMarker=/home/bigdata/SpatialIgniteCode/IgniteSpatial_New/work/db/node00-50cb028d-a4c5-4f6f-a569-4a39ed62eea1/cp/1572444648811-bbafeb41-d1eb-479d-b450-abe916a8c2f9-START.bin, endMarker=/home/bigdata/SpatialIgniteCode/IgniteSpatial_New/work/db/node00-50cb028d-a4c5-4f6f-a569-4a39ed62eea1/cp/1572444648811-bbafeb41-d1eb-479d-b450-abe916a8c2f9-END.bin]
[12:02:05,544][INFO][main][PageMemoryImpl] Started page memory [memoryAllocated=100.0 MiB, pages=12600, tableSize=994.0 KiB, checkpointBuffer=100.0 MiB]
[12:02:05,551][INFO][main][GridCacheDatabaseSharedManager] Checking memory state [lastValidPos=FileWALPointer [idx=0, fileOff=3785011, len=157619], lastMarked=FileWALPointer [idx=0, fileOff=3785011, len=157619], lastCheckpointId=bbafeb41-d1eb-479d-b450-abe916a8c2f9]
[12:02:05,688][INFO][main][GridCacheDatabaseSharedManager] Found last checkpoint marker [cpId=bbafeb41-d1eb-479d-b450-abe916a8c2f9, pos=FileWALPointer [idx=0, fileOff=3785011, len=157619]]
[12:02:05,743][INFO][main][GridCacheDatabaseSharedManager] Applying lost cache updates since last checkpoint record [lastMarked=FileWALPointer [idx=0, fileOff=3785011, len=157619], lastCheckpointId=bbafeb41-d1eb-479d-b450-abe916a8c2f9]
[12:02:05,768][INFO][main][GridCacheDatabaseSharedManager] Finished applying WAL changes [updatesApplied=0, time=26ms]
[12:02:05,814][INFO][main][GridClusterStateProcessor] Restoring history for BaselineTopology[id=0]
[12:02:05,983][INFO][main][ClientListenerProcessor] Client connector processor has started on TCP port 10800
[12:02:06,093][INFO][main][GridTcpRestProtocol] Command protocol successfully started [name=TCP binary, host=0.0.0.0/0.0.0.0, port=11211]
[12:02:06,155][INFO][main][IgniteKernal] Non-loopback local IPs: 10.0.1.2, 10.0.2.15, fe80:0:0:0:a00:27ff:fe1e:fd50%eth1, fe80:0:0:0:a00:27ff:feac:8d09%eth0
[12:02:06,155][INFO][main][IgniteKernal] Enabled local MACs: 0800271EFD50, 080027AC8D09
[12:02:08,677][INFO][main][GridClusterStateProcessor] Sending activate request with BaselineTopology BaselineTopology [id=0, branchingHash=-1140463238, branchingType='Cluster activation', baselineNodes=[50cb028d-a4c5-4f6f-a569-4a39ed62eea1]]
[12:02:08,746][INFO][tcp-disco-msg-worker-#3][GridClusterStateProcessor] Received activate request with BaselineTopology[id=0]
[12:02:08,750][INFO][tcp-disco-msg-worker-#3][GridClusterStateProcessor] Started state transition: true
[12:02:08,755][WARNING][main][IgniteKernal] Nodes started on local machine require more than 20% of physical RAM what can lead to significant slowdown due to swapping (please decrease JVM heap size, data region size or checkpoint buffer size) [required=6209MB, available=2001MB]
[12:02:08,833][INFO][exchange-worker-#36][time] Started exchange init [topVer=AffinityTopologyVersion [topVer=1, minorTopVer=1], crd=true, evt=DISCOVERY_CUSTOM_EVT, evtNode=833caa3b-aba7-4823-9638-04af9a8267dc, customEvt=ChangeGlobalStateMessage [id=6e7003d1e61-c4714ae8-bfe8-4c78-bde3-dee6fddc7040, reqId=5b935225-3bb7-4310-ae67-e8a5efc9bd80, initiatingNodeId=833caa3b-aba7-4823-9638-04af9a8267dc, activate=true, baselineTopology=BaselineTopology [id=0, branchingHash=-1140463238, branchingType='Cluster activation', baselineNodes=[50cb028d-a4c5-4f6f-a569-4a39ed62eea1]], forceChangeBaselineTopology=false, timestamp=1572447728671], allowMerge=false]
[12:02:08,835][INFO][exchange-worker-#36][GridDhtPartitionsExchangeFuture] Start activation process [nodeId=833caa3b-aba7-4823-9638-04af9a8267dc, client=false, topVer=AffinityTopologyVersion [topVer=1, minorTopVer=1]]
[12:02:08,835][INFO][exchange-worker-#36][FilePageStoreManager] Resolved page store work directory: /home/bigdata/SpatialIgniteCode/IgniteSpatial_New/work/db/node00-50cb028d-a4c5-4f6f-a569-4a39ed62eea1
[12:02:08,835][INFO][exchange-worker-#36][FileWriteAheadLogManager] Resolved write ahead log work directory: /home/bigdata/SpatialIgniteCode/IgniteSpatial_New/work/db/wal/node00-50cb028d-a4c5-4f6f-a569-4a39ed62eea1
[12:02:08,836][INFO][exchange-worker-#36][FileWriteAheadLogManager] Resolved write ahead log archive directory: /home/bigdata/SpatialIgniteCode/IgniteSpatial_New/work/db/wal/archive/node00-50cb028d-a4c5-4f6f-a569-4a39ed62eea1
[12:02:08,836][INFO][exchange-worker-#36][FileWriteAheadLogManager] Started write-ahead log manager [mode=LOG_ONLY]
[12:02:08,877][INFO][exchange-worker-#36][PageMemoryImpl] Started page memory [memoryAllocated=100.0 MiB, pages=12600, tableSize=994.0 KiB, checkpointBuffer=100.0 MiB]
[12:02:08,889][INFO][exchange-worker-#36][PageMemoryImpl] Started page memory [memoryAllocated=4.0 GiB, pages=516172, tableSize=39.8 MiB, checkpointBuffer=1.0 GiB]
[12:02:08,890][INFO][exchange-worker-#36][PageMemoryImpl] Started page memory [memoryAllocated=100.0 MiB, pages=12600, tableSize=994.0 KiB, checkpointBuffer=100.0 MiB]
[12:02:08,920][INFO][main][IgniteKernal] Performance suggestions for grid  (fix if possible)
[12:02:08,921][INFO][main][IgniteKernal] To disable, set -DIGNITE_PERFORMANCE_SUGGESTIONS_DISABLED=true
[12:02:08,921][INFO][main][IgniteKernal]   ^-- Enable G1 Garbage Collector (add '-XX:+UseG1GC' to JVM options)
[12:02:08,921][INFO][main][IgniteKernal]   ^-- Set max direct memory size if getting 'OOME: Direct buffer memory' (add '-XX:MaxDirectMemorySize=<size>[g|G|m|M|k|K]' to JVM options)
[12:02:08,924][INFO][main][IgniteKernal]   ^-- Disable processing of calls to System.gc() (add '-XX:+DisableExplicitGC' to JVM options)
[12:02:08,924][INFO][main][IgniteKernal] Refer to this page for more performance suggestions: https://apacheignite.readme.io/docs/jvm-and-system-tuning
[12:02:08,925][INFO][main][IgniteKernal] 
[12:02:08,925][INFO][main][IgniteKernal] To start Console Management & Monitoring run ignitevisorcmd.{sh|bat}
[12:02:08,927][INFO][main][IgniteKernal] 
[12:02:08,927][INFO][main][IgniteKernal] 

>>> +---------------------------------+
>>> Ignite ver. 2.6.0#19691231-sha1:DEV
>>> +---------------------------------+
>>> OS name: Linux 3.19.0-47-generic amd64
>>> CPU(s): 1
>>> Heap: 1.0GB
>>> VM name: 3041@bigdatamaster
>>> Local node [ID=833CAA3B-ABA7-4823-9638-04AF9A8267DC, order=1, clientMode=false]
>>> Local node addresses: [bigdatamaster/0:0:0:0:0:0:0:1%lo, 10.0.2.15/10.0.1.2, /10.0.2.15, /127.0.0.1]
>>> Local ports: TCP:10800 TCP:11211 TCP:47100 UDP:47400 TCP:47500 

[12:02:08,919][INFO][exchange-worker-#36][GridCacheDatabaseSharedManager] Read checkpoint status [startMarker=/home/bigdata/SpatialIgniteCode/IgniteSpatial_New/work/db/node00-50cb028d-a4c5-4f6f-a569-4a39ed62eea1/cp/1572444648811-bbafeb41-d1eb-479d-b450-abe916a8c2f9-START.bin, endMarker=/home/bigdata/SpatialIgniteCode/IgniteSpatial_New/work/db/node00-50cb028d-a4c5-4f6f-a569-4a39ed62eea1/cp/1572444648811-bbafeb41-d1eb-479d-b450-abe916a8c2f9-END.bin]
[12:02:08,946][INFO][exchange-worker-#36][GridCacheDatabaseSharedManager] Checking memory state [lastValidPos=FileWALPointer [idx=0, fileOff=3785011, len=157619], lastMarked=FileWALPointer [idx=0, fileOff=3785011, len=157619], lastCheckpointId=bbafeb41-d1eb-479d-b450-abe916a8c2f9]
[12:02:08,948][INFO][main][GridDiscoveryManager] Topology snapshot [ver=1, servers=1, clients=0, CPUs=1, offheap=4.0GB, heap=1.0GB]
[12:02:08,948][INFO][main][GridDiscoveryManager]   ^-- Node [id=833CAA3B-ABA7-4823-9638-04AF9A8267DC, clusterState=INACTIVE]
[12:02:08,948][INFO][main][GridDiscoveryManager]   ^-- Baseline [id=0, size=1, online=1, offline=0]
[12:02:08,949][INFO][main][GridDiscoveryManager]   ^-- All baseline nodes are online, will start auto-activation
[12:02:08,949][INFO][main][GridDiscoveryManager] Data Regions Configured:
[12:02:08,949][INFO][main][GridDiscoveryManager]   ^-- default [initSize=500.0 MiB, maxSize=4.0 GiB, persistenceEnabled=true]
[12:02:09,020][INFO][exchange-worker-#36][GridCacheDatabaseSharedManager] Found last checkpoint marker [cpId=bbafeb41-d1eb-479d-b450-abe916a8c2f9, pos=FileWALPointer [idx=0, fileOff=3785011, len=157619]]
[12:02:09,072][INFO][exchange-worker-#36][FileWriteAheadLogManager] Resuming logging to WAL segment [file=/home/bigdata/SpatialIgniteCode/IgniteSpatial_New/work/db/wal/node00-50cb028d-a4c5-4f6f-a569-4a39ed62eea1/0000000000000000.wal, offset=3942630, ver=2]
[12:02:09,103][INFO][exchange-worker-#36][GridClusterStateProcessor] Writing BaselineTopology[id=0]
[12:02:09,530][INFO][exchange-worker-#36][GridCacheProcessor] Started cache [name=ignite-sys-cache, id=-2100569601, memoryPolicyName=sysMemPlc, mode=REPLICATED, atomicity=TRANSACTIONAL, backups=2147483647]
[12:02:09,538][INFO][exchange-worker-#36][GridDhtPartitionsExchangeFuture] Successfully activated caches [nodeId=833caa3b-aba7-4823-9638-04af9a8267dc, client=false, topVer=AffinityTopologyVersion [topVer=1, minorTopVer=1]]
[12:02:09,579][INFO][exchange-worker-#36][GridDhtPartitionsExchangeFuture] Finished waiting for partition release future [topVer=AffinityTopologyVersion [topVer=1, minorTopVer=1], waitTime=0ms, futInfo=NA]
[12:02:09,583][INFO][exchange-worker-#36][GridDhtPartitionsExchangeFuture] Finished waiting for partitions release latch: ServerLatch [permits=0, pendingAcks=[], super=CompletableLatch [id=exchange, topVer=AffinityTopologyVersion [topVer=1, minorTopVer=1]]]
[12:02:09,583][INFO][exchange-worker-#36][GridDhtPartitionsExchangeFuture] Finished waiting for partition release future [topVer=AffinityTopologyVersion [topVer=1, minorTopVer=1], waitTime=0ms, futInfo=NA]
[12:02:09,586][INFO][exchange-worker-#36][GridCacheDatabaseSharedManager] Read checkpoint status [startMarker=/home/bigdata/SpatialIgniteCode/IgniteSpatial_New/work/db/node00-50cb028d-a4c5-4f6f-a569-4a39ed62eea1/cp/1572444648811-bbafeb41-d1eb-479d-b450-abe916a8c2f9-START.bin, endMarker=/home/bigdata/SpatialIgniteCode/IgniteSpatial_New/work/db/node00-50cb028d-a4c5-4f6f-a569-4a39ed62eea1/cp/1572444648811-bbafeb41-d1eb-479d-b450-abe916a8c2f9-END.bin]
[12:02:09,586][INFO][exchange-worker-#36][GridCacheDatabaseSharedManager] Applying lost cache updates since last checkpoint record [lastMarked=FileWALPointer [idx=0, fileOff=3785011, len=157619], lastCheckpointId=bbafeb41-d1eb-479d-b450-abe916a8c2f9]
[12:02:09,626][INFO][exchange-worker-#36][GridCacheDatabaseSharedManager] Finished applying WAL changes [updatesApplied=0, time=37ms]
[12:02:09,642][INFO][db-checkpoint-thread-#37][GridCacheDatabaseSharedManager] Checkpoint started [checkpointId=3e369f5b-48bd-4797-9566-9ec60121014c, startPtr=FileWALPointer [idx=0, fileOff=4080071, len=47], checkpointLockWait=0ms, checkpointLockHoldTime=1ms, walCpRecordFsyncDuration=3ms, pages=7, reason='node started']
[12:02:09,669][INFO][exchange-worker-#36][GridDhtPartitionsExchangeFuture] finishExchangeOnCoordinator [topVer=AffinityTopologyVersion [topVer=1, minorTopVer=1], resVer=AffinityTopologyVersion [topVer=1, minorTopVer=1]]
[12:02:09,697][INFO][db-checkpoint-thread-#37][GridCacheDatabaseSharedManager] Checkpoint finished [cpId=3e369f5b-48bd-4797-9566-9ec60121014c, pages=7, markPos=FileWALPointer [idx=0, fileOff=4080071, len=47], walSegmentsCleared=0, markDuration=17ms, pagesWrite=47ms, fsync=5ms, total=69ms]
[12:02:09,743][INFO][tcp-disco-msg-worker-#3][GridClusterStateProcessor] Received state change finish message: true
[12:02:09,743][INFO][exchange-worker-#36][GridDhtPartitionsExchangeFuture] Finish exchange future [startVer=AffinityTopologyVersion [topVer=1, minorTopVer=1], resVer=AffinityTopologyVersion [topVer=1, minorTopVer=1], err=null]
[12:02:09,758][INFO][exchange-worker-#36][time] Finished exchange init [topVer=AffinityTopologyVersion [topVer=1, minorTopVer=1], crd=true]
[12:02:09,764][INFO][exchange-worker-#36][GridCachePartitionExchangeManager] Skipping rebalancing (nothing scheduled) [top=AffinityTopologyVersion [topVer=1, minorTopVer=1], evt=DISCOVERY_CUSTOM_EVT, node=833caa3b-aba7-4823-9638-04af9a8267dc]
[12:02:09,787][INFO][exchange-worker-#36][time] Started exchange init [topVer=AffinityTopologyVersion [topVer=1, minorTopVer=2], crd=true, evt=DISCOVERY_CUSTOM_EVT, evtNode=833caa3b-aba7-4823-9638-04af9a8267dc, customEvt=DynamicCacheChangeBatch [id=5f7003d1e61-c4714ae8-bfe8-4c78-bde3-dee6fddc7040, reqs=[DynamicCacheChangeRequest [cacheName=Area-Cache, hasCfg=true, nodeId=833caa3b-aba7-4823-9638-04af9a8267dc, clientStartOnly=false, stop=false, destroy=false, disabledAfterStartfalse]], exchangeActions=ExchangeActions [startCaches=[Area-Cache], stopCaches=null, startGrps=[Area-Cache], stopGrps=[], resetParts=null, stateChangeRequest=null], startCaches=false], allowMerge=false]
[12:02:09,864][INFO][sys-#42][GridClusterStateProcessor] Successfully performed final activation steps [nodeId=833caa3b-aba7-4823-9638-04af9a8267dc, client=false, topVer=AffinityTopologyVersion [topVer=1, minorTopVer=1]]
[12:02:10,220][INFO][exchange-worker-#36][GridCacheProcessor] Started cache [name=Area-Cache, id=1692017218, memoryPolicyName=default, mode=PARTITIONED, atomicity=ATOMIC, backups=0]
[12:02:10,231][INFO][exchange-worker-#36][GridDhtPartitionsExchangeFuture] Finished waiting for partition release future [topVer=AffinityTopologyVersion [topVer=1, minorTopVer=2], waitTime=0ms, futInfo=NA]
[12:02:10,231][INFO][exchange-worker-#36][GridDhtPartitionsExchangeFuture] Finished waiting for partitions release latch: ServerLatch [permits=0, pendingAcks=[], super=CompletableLatch [id=exchange, topVer=AffinityTopologyVersion [topVer=1, minorTopVer=2]]]
[12:02:10,231][INFO][exchange-worker-#36][GridDhtPartitionsExchangeFuture] Finished waiting for partition release future [topVer=AffinityTopologyVersion [topVer=1, minorTopVer=2], waitTime=0ms, futInfo=NA]
[12:02:10,469][INFO][exchange-worker-#36][GridDhtPartitionsExchangeFuture] finishExchangeOnCoordinator [topVer=AffinityTopologyVersion [topVer=1, minorTopVer=2], resVer=AffinityTopologyVersion [topVer=1, minorTopVer=2]]
[12:02:10,512][INFO][exchange-worker-#36][GridDhtPartitionsExchangeFuture] Finish exchange future [startVer=AffinityTopologyVersion [topVer=1, minorTopVer=2], resVer=AffinityTopologyVersion [topVer=1, minorTopVer=2], err=null]
[12:02:10,531][INFO][exchange-worker-#36][time] Finished exchange init [topVer=AffinityTopologyVersion [topVer=1, minorTopVer=2], crd=true]
[12:02:10,536][INFO][exchange-worker-#36][GridCachePartitionExchangeManager] Skipping rebalancing (obsolete exchange ID) [top=AffinityTopologyVersion [topVer=1, minorTopVer=2], evt=DISCOVERY_CUSTOM_EVT, node=833caa3b-aba7-4823-9638-04af9a8267dc]
[12:02:10,536][INFO][exchange-worker-#36][time] Started exchange init [topVer=AffinityTopologyVersion [topVer=1, minorTopVer=3], crd=true, evt=DISCOVERY_CUSTOM_EVT, evtNode=833caa3b-aba7-4823-9638-04af9a8267dc, customEvt=DynamicCacheChangeBatch [id=bf7003d1e61-c4714ae8-bfe8-4c78-bde3-dee6fddc7040, reqs=[DynamicCacheChangeRequest [cacheName=Point-Cache, hasCfg=true, nodeId=833caa3b-aba7-4823-9638-04af9a8267dc, clientStartOnly=false, stop=false, destroy=false, disabledAfterStartfalse]], exchangeActions=ExchangeActions [startCaches=[Point-Cache], stopCaches=null, startGrps=[Point-Cache], stopGrps=[], resetParts=null, stateChangeRequest=null], startCaches=false], allowMerge=false]
[12:02:10,545][INFO][pub-#46][GridCacheDatabaseSharedManager] Finished indexes rebuilding for cache [name=Area-Cache, grpName=null]
[12:02:10,683][INFO][exchange-worker-#36][GridCacheProcessor] Started cache [name=Point-Cache, id=790455493, memoryPolicyName=default, mode=PARTITIONED, atomicity=ATOMIC, backups=0]
[12:02:10,693][INFO][exchange-worker-#36][GridDhtPartitionsExchangeFuture] Finished waiting for partition release future [topVer=AffinityTopologyVersion [topVer=1, minorTopVer=3], waitTime=0ms, futInfo=NA]
[12:02:10,693][INFO][exchange-worker-#36][GridDhtPartitionsExchangeFuture] Finished waiting for partitions release latch: ServerLatch [permits=0, pendingAcks=[], super=CompletableLatch [id=exchange, topVer=AffinityTopologyVersion [topVer=1, minorTopVer=3]]]
[12:02:10,693][INFO][exchange-worker-#36][GridDhtPartitionsExchangeFuture] Finished waiting for partition release future [topVer=AffinityTopologyVersion [topVer=1, minorTopVer=3], waitTime=0ms, futInfo=NA]
[12:02:10,988][INFO][exchange-worker-#36][GridDhtPartitionsExchangeFuture] finishExchangeOnCoordinator [topVer=AffinityTopologyVersion [topVer=1, minorTopVer=3], resVer=AffinityTopologyVersion [topVer=1, minorTopVer=3]]
[12:02:11,063][INFO][exchange-worker-#36][GridDhtPartitionsExchangeFuture] Finish exchange future [startVer=AffinityTopologyVersion [topVer=1, minorTopVer=3], resVer=AffinityTopologyVersion [topVer=1, minorTopVer=3], err=null]
[12:02:11,115][INFO][exchange-worker-#36][GridCacheDatabaseSharedManager] Finished indexes rebuilding for cache [name=Point-Cache, grpName=null]
[12:02:11,117][INFO][exchange-worker-#36][time] Finished exchange init [topVer=AffinityTopologyVersion [topVer=1, minorTopVer=3], crd=true]
[12:02:11,120][INFO][exchange-worker-#36][GridCachePartitionExchangeManager] Skipping rebalancing (obsolete exchange ID) [top=AffinityTopologyVersion [topVer=1, minorTopVer=3], evt=DISCOVERY_CUSTOM_EVT, node=833caa3b-aba7-4823-9638-04af9a8267dc]
[12:02:11,120][INFO][exchange-worker-#36][time] Started exchange init [topVer=AffinityTopologyVersion [topVer=1, minorTopVer=4], crd=true, evt=DISCOVERY_CUSTOM_EVT, evtNode=833caa3b-aba7-4823-9638-04af9a8267dc, customEvt=DynamicCacheChangeBatch [id=308003d1e61-c4714ae8-bfe8-4c78-bde3-dee6fddc7040, reqs=[DynamicCacheChangeRequest [cacheName=Edge-Cache, hasCfg=true, nodeId=833caa3b-aba7-4823-9638-04af9a8267dc, clientStartOnly=false, stop=false, destroy=false, disabledAfterStartfalse]], exchangeActions=ExchangeActions [startCaches=[Edge-Cache], stopCaches=null, startGrps=[Edge-Cache], stopGrps=[], resetParts=null, stateChangeRequest=null], startCaches=false], allowMerge=false]
[12:02:11,387][INFO][exchange-worker-#36][GridCacheProcessor] Started cache [name=Edge-Cache, id=-1113777294, memoryPolicyName=default, mode=PARTITIONED, atomicity=ATOMIC, backups=0]
[12:02:11,406][INFO][exchange-worker-#36][GridDhtPartitionsExchangeFuture] Finished waiting for partition release future [topVer=AffinityTopologyVersion [topVer=1, minorTopVer=4], waitTime=0ms, futInfo=NA]
[12:02:11,424][INFO][exchange-worker-#36][GridDhtPartitionsExchangeFuture] Finished waiting for partitions release latch: ServerLatch [permits=0, pendingAcks=[], super=CompletableLatch [id=exchange, topVer=AffinityTopologyVersion [topVer=1, minorTopVer=4]]]
[12:02:11,424][INFO][exchange-worker-#36][GridDhtPartitionsExchangeFuture] Finished waiting for partition release future [topVer=AffinityTopologyVersion [topVer=1, minorTopVer=4], waitTime=0ms, futInfo=NA]
[12:02:11,548][INFO][exchange-worker-#36][GridDhtPartitionsExchangeFuture] finishExchangeOnCoordinator [topVer=AffinityTopologyVersion [topVer=1, minorTopVer=4], resVer=AffinityTopologyVersion [topVer=1, minorTopVer=4]]
[12:02:11,634][INFO][exchange-worker-#36][GridDhtPartitionsExchangeFuture] Finish exchange future [startVer=AffinityTopologyVersion [topVer=1, minorTopVer=4], resVer=AffinityTopologyVersion [topVer=1, minorTopVer=4], err=null]
[12:02:11,641][INFO][exchange-worker-#36][GridCacheDatabaseSharedManager] Finished indexes rebuilding for cache [name=Edge-Cache, grpName=null]
[12:02:11,651][INFO][exchange-worker-#36][time] Finished exchange init [topVer=AffinityTopologyVersion [topVer=1, minorTopVer=4], crd=true]
[12:02:11,666][INFO][exchange-worker-#36][GridCachePartitionExchangeManager] Skipping rebalancing (obsolete exchange ID) [top=AffinityTopologyVersion [topVer=1, minorTopVer=4], evt=DISCOVERY_CUSTOM_EVT, node=833caa3b-aba7-4823-9638-04af9a8267dc]
[12:02:11,666][INFO][exchange-worker-#36][time] Started exchange init [topVer=AffinityTopologyVersion [topVer=1, minorTopVer=5], crd=true, evt=DISCOVERY_CUSTOM_EVT, evtNode=833caa3b-aba7-4823-9638-04af9a8267dc, customEvt=DynamicCacheChangeBatch [id=908003d1e61-c4714ae8-bfe8-4c78-bde3-dee6fddc7040, reqs=[DynamicCacheChangeRequest [cacheName=WaterArea-Cache, hasCfg=true, nodeId=833caa3b-aba7-4823-9638-04af9a8267dc, clientStartOnly=false, stop=false, destroy=false, disabledAfterStartfalse]], exchangeActions=ExchangeActions [startCaches=[WaterArea-Cache], stopCaches=null, startGrps=[WaterArea-Cache], stopGrps=[], resetParts=null, stateChangeRequest=null], startCaches=false], allowMerge=false]
[12:02:11,796][INFO][exchange-worker-#36][GridCacheProcessor] Started cache [name=WaterArea-Cache, id=-306090375, memoryPolicyName=default, mode=PARTITIONED, atomicity=ATOMIC, backups=0]
[12:02:11,810][INFO][exchange-worker-#36][GridDhtPartitionsExchangeFuture] Finished waiting for partition release future [topVer=AffinityTopologyVersion [topVer=1, minorTopVer=5], waitTime=0ms, futInfo=NA]
[12:02:11,814][INFO][exchange-worker-#36][GridDhtPartitionsExchangeFuture] Finished waiting for partitions release latch: ServerLatch [permits=0, pendingAcks=[], super=CompletableLatch [id=exchange, topVer=AffinityTopologyVersion [topVer=1, minorTopVer=5]]]
[12:02:11,814][INFO][exchange-worker-#36][GridDhtPartitionsExchangeFuture] Finished waiting for partition release future [topVer=AffinityTopologyVersion [topVer=1, minorTopVer=5], waitTime=0ms, futInfo=NA]
[12:02:11,946][INFO][exchange-worker-#36][GridDhtPartitionsExchangeFuture] finishExchangeOnCoordinator [topVer=AffinityTopologyVersion [topVer=1, minorTopVer=5], resVer=AffinityTopologyVersion [topVer=1, minorTopVer=5]]
[12:02:12,039][INFO][exchange-worker-#36][GridDhtPartitionsExchangeFuture] Finish exchange future [startVer=AffinityTopologyVersion [topVer=1, minorTopVer=5], resVer=AffinityTopologyVersion [topVer=1, minorTopVer=5], err=null]
[12:02:12,046][INFO][exchange-worker-#36][GridCacheDatabaseSharedManager] Finished indexes rebuilding for cache [name=WaterArea-Cache, grpName=null]
[12:02:12,063][INFO][exchange-worker-#36][time] Finished exchange init [topVer=AffinityTopologyVersion [topVer=1, minorTopVer=5], crd=true]
[12:02:12,165][INFO][exchange-worker-#36][GridCachePartitionExchangeManager] Skipping rebalancing (nothing scheduled) [top=AffinityTopologyVersion [topVer=1, minorTopVer=5], evt=DISCOVERY_CUSTOM_EVT, node=833caa3b-aba7-4823-9638-04af9a8267dc]
[12:02:13,342][INFO][exchange-worker-#36][time] Started exchange init [topVer=AffinityTopologyVersion [topVer=1, minorTopVer=6], crd=true, evt=DISCOVERY_CUSTOM_EVT, evtNode=833caa3b-aba7-4823-9638-04af9a8267dc, customEvt=DynamicCacheChangeBatch [id=018003d1e61-c4714ae8-bfe8-4c78-bde3-dee6fddc7040, reqs=[DynamicCacheChangeRequest [cacheName=Area-Cache, hasCfg=false, nodeId=833caa3b-aba7-4823-9638-04af9a8267dc, clientStartOnly=false, stop=true, destroy=false, disabledAfterStartfalse]], exchangeActions=ExchangeActions [startCaches=null, stopCaches=[Area-Cache], startGrps=[], stopGrps=[Area-Cache, destroy=true], resetParts=null, stateChangeRequest=null], startCaches=false], allowMerge=false]
[12:02:13,345][INFO][exchange-worker-#36][GridDhtPartitionsExchangeFuture] Finished waiting for partition release future [topVer=AffinityTopologyVersion [topVer=1, minorTopVer=6], waitTime=0ms, futInfo=NA]
[12:02:13,346][INFO][exchange-worker-#36][GridDhtPartitionsExchangeFuture] Finished waiting for partitions release latch: ServerLatch [permits=0, pendingAcks=[], super=CompletableLatch [id=exchange, topVer=AffinityTopologyVersion [topVer=1, minorTopVer=6]]]
[12:02:13,346][INFO][exchange-worker-#36][GridDhtPartitionsExchangeFuture] Finished waiting for partition release future [topVer=AffinityTopologyVersion [topVer=1, minorTopVer=6], waitTime=0ms, futInfo=NA]
[12:02:13,417][INFO][exchange-worker-#36][GridDhtPartitionsExchangeFuture] finishExchangeOnCoordinator [topVer=AffinityTopologyVersion [topVer=1, minorTopVer=6], resVer=AffinityTopologyVersion [topVer=1, minorTopVer=6]]
[12:02:13,527][INFO][exchange-worker-#36][GridDhtPartitionsExchangeFuture] Finish exchange future [startVer=AffinityTopologyVersion [topVer=1, minorTopVer=6], resVer=AffinityTopologyVersion [topVer=1, minorTopVer=6], err=null]
[12:02:13,569][INFO][db-checkpoint-thread-#37][GridCacheDatabaseSharedManager] Checkpoint started [checkpointId=f6bd336d-dc40-4a80-8f58-d3c7cee71615, startPtr=FileWALPointer [idx=0, fileOff=4778778, len=157619], checkpointLockWait=0ms, checkpointLockHoldTime=17ms, walCpRecordFsyncDuration=9ms, pages=92, reason='caches stop']
[12:02:13,590][INFO][db-checkpoint-thread-#37][GridCacheDatabaseSharedManager] Checkpoint finished [cpId=f6bd336d-dc40-4a80-8f58-d3c7cee71615, pages=92, markPos=FileWALPointer [idx=0, fileOff=4778778, len=157619], walSegmentsCleared=0, markDuration=31ms, pagesWrite=9ms, fsync=12ms, total=52ms]
[12:02:13,599][INFO][exchange-worker-#36][GridCacheProcessor] Stopped cache [cacheName=Area-Cache]
[12:02:13,663][INFO][exchange-worker-#36][time] Finished exchange init [topVer=AffinityTopologyVersion [topVer=1, minorTopVer=6], crd=true]
[12:02:13,668][INFO][exchange-worker-#36][GridCachePartitionExchangeManager] Skipping rebalancing (obsolete exchange ID) [top=AffinityTopologyVersion [topVer=1, minorTopVer=6], evt=DISCOVERY_CUSTOM_EVT, node=833caa3b-aba7-4823-9638-04af9a8267dc]
[12:02:13,668][INFO][exchange-worker-#36][time] Started exchange init [topVer=AffinityTopologyVersion [topVer=1, minorTopVer=7], crd=true, evt=DISCOVERY_CUSTOM_EVT, evtNode=833caa3b-aba7-4823-9638-04af9a8267dc, customEvt=DynamicCacheChangeBatch [id=418003d1e61-c4714ae8-bfe8-4c78-bde3-dee6fddc7040, reqs=[DynamicCacheChangeRequest [cacheName=Point-Cache, hasCfg=false, nodeId=833caa3b-aba7-4823-9638-04af9a8267dc, clientStartOnly=false, stop=true, destroy=false, disabledAfterStartfalse]], exchangeActions=ExchangeActions [startCaches=null, stopCaches=[Point-Cache], startGrps=[], stopGrps=[Point-Cache, destroy=true], resetParts=null, stateChangeRequest=null], startCaches=false], allowMerge=false]
[12:02:13,670][INFO][exchange-worker-#36][GridDhtPartitionsExchangeFuture] Finished waiting for partition release future [topVer=AffinityTopologyVersion [topVer=1, minorTopVer=7], waitTime=0ms, futInfo=NA]
[12:02:13,670][INFO][exchange-worker-#36][GridDhtPartitionsExchangeFuture] Finished waiting for partitions release latch: ServerLatch [permits=0, pendingAcks=[], super=CompletableLatch [id=exchange, topVer=AffinityTopologyVersion [topVer=1, minorTopVer=7]]]
[12:02:13,670][INFO][exchange-worker-#36][GridDhtPartitionsExchangeFuture] Finished waiting for partition release future [topVer=AffinityTopologyVersion [topVer=1, minorTopVer=7], waitTime=0ms, futInfo=NA]
[12:02:13,688][INFO][exchange-worker-#36][GridDhtPartitionsExchangeFuture] finishExchangeOnCoordinator [topVer=AffinityTopologyVersion [topVer=1, minorTopVer=7], resVer=AffinityTopologyVersion [topVer=1, minorTopVer=7]]
[12:02:13,724][INFO][exchange-worker-#36][GridDhtPartitionsExchangeFuture] Finish exchange future [startVer=AffinityTopologyVersion [topVer=1, minorTopVer=7], resVer=AffinityTopologyVersion [topVer=1, minorTopVer=7], err=null]
[12:02:13,729][INFO][db-checkpoint-thread-#37][GridCacheDatabaseSharedManager] Skipping checkpoint (no pages were modified) [checkpointLockWait=0ms, checkpointLockHoldTime=3ms, reason='caches stop']
[12:02:13,734][INFO][exchange-worker-#36][GridCacheProcessor] Stopped cache [cacheName=Point-Cache]
[12:02:13,750][INFO][exchange-worker-#36][time] Finished exchange init [topVer=AffinityTopologyVersion [topVer=1, minorTopVer=7], crd=true]
[12:02:13,763][INFO][exchange-worker-#36][GridCachePartitionExchangeManager] Skipping rebalancing (obsolete exchange ID) [top=AffinityTopologyVersion [topVer=1, minorTopVer=7], evt=DISCOVERY_CUSTOM_EVT, node=833caa3b-aba7-4823-9638-04af9a8267dc]
[12:02:13,763][INFO][exchange-worker-#36][time] Started exchange init [topVer=AffinityTopologyVersion [topVer=1, minorTopVer=8], crd=true, evt=DISCOVERY_CUSTOM_EVT, evtNode=833caa3b-aba7-4823-9638-04af9a8267dc, customEvt=DynamicCacheChangeBatch [id=818003d1e61-c4714ae8-bfe8-4c78-bde3-dee6fddc7040, reqs=[DynamicCacheChangeRequest [cacheName=Edge-Cache, hasCfg=false, nodeId=833caa3b-aba7-4823-9638-04af9a8267dc, clientStartOnly=false, stop=true, destroy=false, disabledAfterStartfalse]], exchangeActions=ExchangeActions [startCaches=null, stopCaches=[Edge-Cache], startGrps=[], stopGrps=[Edge-Cache, destroy=true], resetParts=null, stateChangeRequest=null], startCaches=false], allowMerge=false]
[12:02:13,765][INFO][exchange-worker-#36][GridDhtPartitionsExchangeFuture] Finished waiting for partition release future [topVer=AffinityTopologyVersion [topVer=1, minorTopVer=8], waitTime=0ms, futInfo=NA]
[12:02:13,766][INFO][exchange-worker-#36][GridDhtPartitionsExchangeFuture] Finished waiting for partitions release latch: ServerLatch [permits=0, pendingAcks=[], super=CompletableLatch [id=exchange, topVer=AffinityTopologyVersion [topVer=1, minorTopVer=8]]]
[12:02:13,766][INFO][exchange-worker-#36][GridDhtPartitionsExchangeFuture] Finished waiting for partition release future [topVer=AffinityTopologyVersion [topVer=1, minorTopVer=8], waitTime=0ms, futInfo=NA]
[12:02:13,768][INFO][exchange-worker-#36][GridDhtPartitionsExchangeFuture] finishExchangeOnCoordinator [topVer=AffinityTopologyVersion [topVer=1, minorTopVer=8], resVer=AffinityTopologyVersion [topVer=1, minorTopVer=8]]
[12:02:13,786][INFO][exchange-worker-#36][GridDhtPartitionsExchangeFuture] Finish exchange future [startVer=AffinityTopologyVersion [topVer=1, minorTopVer=8], resVer=AffinityTopologyVersion [topVer=1, minorTopVer=8], err=null]
[12:02:13,791][INFO][db-checkpoint-thread-#37][GridCacheDatabaseSharedManager] Skipping checkpoint (no pages were modified) [checkpointLockWait=0ms, checkpointLockHoldTime=2ms, reason='caches stop']
[12:02:13,796][INFO][exchange-worker-#36][GridCacheProcessor] Stopped cache [cacheName=Edge-Cache]
[12:02:13,812][INFO][exchange-worker-#36][time] Finished exchange init [topVer=AffinityTopologyVersion [topVer=1, minorTopVer=8], crd=true]
[12:02:13,813][INFO][exchange-worker-#36][GridCachePartitionExchangeManager] Skipping rebalancing (obsolete exchange ID) [top=AffinityTopologyVersion [topVer=1, minorTopVer=8], evt=DISCOVERY_CUSTOM_EVT, node=833caa3b-aba7-4823-9638-04af9a8267dc]
[12:02:13,813][INFO][exchange-worker-#36][time] Started exchange init [topVer=AffinityTopologyVersion [topVer=1, minorTopVer=9], crd=true, evt=DISCOVERY_CUSTOM_EVT, evtNode=833caa3b-aba7-4823-9638-04af9a8267dc, customEvt=DynamicCacheChangeBatch [id=c18003d1e61-c4714ae8-bfe8-4c78-bde3-dee6fddc7040, reqs=[DynamicCacheChangeRequest [cacheName=WaterArea-Cache, hasCfg=false, nodeId=833caa3b-aba7-4823-9638-04af9a8267dc, clientStartOnly=false, stop=true, destroy=false, disabledAfterStartfalse]], exchangeActions=ExchangeActions [startCaches=null, stopCaches=[WaterArea-Cache], startGrps=[], stopGrps=[WaterArea-Cache, destroy=true], resetParts=null, stateChangeRequest=null], startCaches=false], allowMerge=false]
[12:02:13,819][INFO][exchange-worker-#36][GridDhtPartitionsExchangeFuture] Finished waiting for partition release future [topVer=AffinityTopologyVersion [topVer=1, minorTopVer=9], waitTime=0ms, futInfo=NA]
[12:02:13,819][INFO][exchange-worker-#36][GridDhtPartitionsExchangeFuture] Finished waiting for partitions release latch: ServerLatch [permits=0, pendingAcks=[], super=CompletableLatch [id=exchange, topVer=AffinityTopologyVersion [topVer=1, minorTopVer=9]]]
[12:02:13,819][INFO][exchange-worker-#36][GridDhtPartitionsExchangeFuture] Finished waiting for partition release future [topVer=AffinityTopologyVersion [topVer=1, minorTopVer=9], waitTime=0ms, futInfo=NA]
[12:02:13,820][INFO][exchange-worker-#36][GridDhtPartitionsExchangeFuture] finishExchangeOnCoordinator [topVer=AffinityTopologyVersion [topVer=1, minorTopVer=9], resVer=AffinityTopologyVersion [topVer=1, minorTopVer=9]]
[12:02:13,822][INFO][exchange-worker-#36][GridDhtPartitionsExchangeFuture] Finish exchange future [startVer=AffinityTopologyVersion [topVer=1, minorTopVer=9], resVer=AffinityTopologyVersion [topVer=1, minorTopVer=9], err=null]
[12:02:13,823][INFO][db-checkpoint-thread-#37][GridCacheDatabaseSharedManager] Skipping checkpoint (no pages were modified) [checkpointLockWait=0ms, checkpointLockHoldTime=1ms, reason='caches stop']
[12:02:13,826][INFO][exchange-worker-#36][GridCacheProcessor] Stopped cache [cacheName=WaterArea-Cache]
[12:02:13,842][INFO][exchange-worker-#36][time] Finished exchange init [topVer=AffinityTopologyVersion [topVer=1, minorTopVer=9], crd=true]
[12:02:13,845][INFO][exchange-worker-#36][GridCachePartitionExchangeManager] Skipping rebalancing (nothing scheduled) [top=AffinityTopologyVersion [topVer=1, minorTopVer=9], evt=DISCOVERY_CUSTOM_EVT, node=833caa3b-aba7-4823-9638-04af9a8267dc]
[12:02:13,846][INFO][main][GridTcpRestProtocol] Command protocol successfully stopped: TCP binary
[12:02:13,850][INFO][db-checkpoint-thread-#37][GridCacheDatabaseSharedManager] Skipping checkpoint (no pages were modified) [checkpointLockWait=0ms, checkpointLockHoldTime=0ms, reason='timeout']
[12:02:13,867][INFO][main][GridCacheProcessor] Stopped cache [cacheName=ignite-sys-cache]
[12:02:13,928][INFO][main][IgniteKernal] 

>>> +--------------------------------------------+
>>> Ignite ver. 2.6.0#19691231-sha1:DEV stopped OK
>>> +--------------------------------------------+
>>> Grid uptime: 00:00:05.020


