[09:29:50,131][INFO][main][IgniteKernal] 

>>>    __________  ________________  
>>>   /  _/ ___/ |/ /  _/_  __/ __/  
>>>  _/ // (7 7    // /  / / / _/    
>>> /___/\___/_/|_/___/ /_/ /___/   
>>> 
>>> ver. 2.6.0#19691231-sha1:DEV
>>> 2018 Copyright(C) Apache Software Foundation
>>> 
>>> Ignite documentation: http://ignite.apache.org

[09:29:50,151][INFO][main][IgniteKernal] Config URL: file:/home/bigdata/SpatialIgniteCode/IgniteSpatial_New/config/default-config.xml
[09:29:50,247][INFO][main][IgniteKernal] IgniteConfiguration [igniteInstanceName=null, pubPoolSize=8, svcPoolSize=8, callbackPoolSize=8, stripedPoolSize=8, sysPoolSize=8, mgmtPoolSize=4, igfsPoolSize=1, dataStreamerPoolSize=8, utilityCachePoolSize=8, utilityCacheKeepAliveTime=60000, p2pPoolSize=2, qryPoolSize=8, igniteHome=/home/bigdata/SpatialIgniteCode/IgniteSpatial_New, igniteWorkDir=/home/bigdata/SpatialIgniteCode/IgniteSpatial_New/work, mbeanSrv=com.sun.jmx.mbeanserver.JmxMBeanServer@48a242ce, nodeId=048291da-2150-466a-94ef-299dca9768a8, marsh=org.apache.ignite.internal.binary.BinaryMarshaller@fbd1f6, marshLocJobs=false, daemon=false, p2pEnabled=false, netTimeout=5000, sndRetryDelay=1000, sndRetryCnt=3, metricsHistSize=10000, metricsUpdateFreq=2000, metricsExpTime=9223372036854775807, discoSpi=TcpDiscoverySpi [addrRslvr=null, sockTimeout=0, ackTimeout=0, marsh=null, reconCnt=10, reconDelay=2000, maxAckTimeout=600000, forceSrvMode=false, clientReconnectDisabled=false, internalLsnr=null], segPlc=STOP, segResolveAttempts=2, waitForSegOnStart=true, allResolversPassReq=true, segChkFreq=10000, commSpi=TcpCommunicationSpi [connectGate=null, connPlc=null, enableForcibleNodeKill=false, enableTroubleshootingLog=false, srvLsnr=org.apache.ignite.spi.communication.tcp.TcpCommunicationSpi$2@61322f9d, locAddr=null, locHost=null, locPort=47100, locPortRange=100, shmemPort=-1, directBuf=true, directSndBuf=false, idleConnTimeout=600000, connTimeout=5000, maxConnTimeout=600000, reconCnt=10, sockSndBuf=32768, sockRcvBuf=32768, msgQueueLimit=0, slowClientQueueLimit=0, nioSrvr=null, shmemSrv=null, usePairedConnections=false, connectionsPerNode=1, tcpNoDelay=true, filterReachableAddresses=false, ackSndThreshold=32, unackedMsgsBufSize=0, sockWriteTimeout=2000, lsnr=null, boundTcpPort=-1, boundTcpShmemPort=-1, selectorsCnt=4, selectorSpins=0, addrRslvr=null, ctxInitLatch=java.util.concurrent.CountDownLatch@6ad82709[Count = 1], stopping=false, metricsLsnr=org.apache.ignite.spi.communication.tcp.TcpCommunicationMetricsListener@510f3d34], evtSpi=org.apache.ignite.spi.eventstorage.NoopEventStorageSpi@7817fd62, colSpi=NoopCollisionSpi [], deploySpi=LocalDeploymentSpi [lsnr=null], indexingSpi=org.apache.ignite.spi.indexing.noop.NoopIndexingSpi@fa4c865, addrRslvr=null, clientMode=false, rebalanceThreadPoolSize=1, txCfg=org.apache.ignite.configuration.TransactionConfiguration@3bd82cf5, cacheSanityCheckEnabled=true, discoStartupDelay=60000, deployMode=SHARED, p2pMissedCacheSize=100, locHost=null, timeSrvPortBase=31100, timeSrvPortRange=100, failureDetectionTimeout=10000, clientFailureDetectionTimeout=30000, metricsLogFreq=60000, hadoopCfg=null, connectorCfg=org.apache.ignite.configuration.ConnectorConfiguration@544fa968, odbcCfg=null, warmupClos=null, atomicCfg=AtomicConfiguration [seqReserveSize=1000, cacheMode=PARTITIONED, backups=1, aff=null, grpName=null], classLdr=null, sslCtxFactory=null, platformCfg=null, binaryCfg=null, memCfg=null, pstCfg=null, dsCfg=DataStorageConfiguration [sysRegionInitSize=41943040, sysCacheMaxSize=104857600, pageSize=8192, concLvl=4, dfltDataRegConf=DataRegionConfiguration [name=default, maxSize=4294967296, initSize=524288000, swapPath=null, pageEvictionMode=DISABLED, evictionThreshold=0.9, emptyPagesPoolSize=100, metricsEnabled=true, metricsSubIntervalCount=5, metricsRateTimeInterval=60000, persistenceEnabled=true, checkpointPageBufSize=0], storagePath=null, checkpointFreq=180000, lockWaitTime=10000, checkpointThreads=4, checkpointWriteOrder=SEQUENTIAL, walHistSize=20, walSegments=10, walSegmentSize=67108864, walPath=db/wal, walArchivePath=db/wal/archive, metricsEnabled=false, walMode=LOG_ONLY, walTlbSize=131072, walBuffSize=0, walFlushFreq=2000, walFsyncDelay=1000, walRecordIterBuffSize=67108864, alwaysWriteFullPages=false, fileIOFactory=org.apache.ignite.internal.processors.cache.persistence.file.AsyncFileIOFactory@d35dea7, metricsSubIntervalCnt=5, metricsRateTimeInterval=60000, walAutoArchiveAfterInactivity=-1, writeThrottlingEnabled=false, walCompactionEnabled=false], activeOnStart=true, autoActivation=true, longQryWarnTimeout=3000, sqlConnCfg=null, cliConnCfg=ClientConnectorConfiguration [host=null, port=10800, portRange=100, sockSndBufSize=0, sockRcvBufSize=0, tcpNoDelay=true, maxOpenCursorsPerConn=128, threadPoolSize=8, idleTimeout=0, jdbcEnabled=true, odbcEnabled=true, thinCliEnabled=true, sslEnabled=false, useIgniteSslCtxFactory=true, sslClientAuth=false, sslCtxFactory=null], authEnabled=false, failureHnd=null, commFailureRslvr=null]
[09:29:50,247][INFO][main][IgniteKernal] Daemon mode: off
[09:29:50,249][INFO][main][IgniteKernal] OS: Linux 3.19.0-47-generic amd64
[09:29:50,250][INFO][main][IgniteKernal] OS user: bigdata
[09:29:50,275][INFO][main][IgniteKernal] PID: 3158
[09:29:50,277][INFO][main][IgniteKernal] Language runtime: Java Platform API Specification ver. 1.8
[09:29:50,277][INFO][main][IgniteKernal] VM information: Java(TM) SE Runtime Environment 1.8.0_65-b17 Oracle Corporation Java HotSpot(TM) 64-Bit Server VM 25.65-b01
[09:29:50,278][INFO][main][IgniteKernal] VM total memory: 0.48GB
[09:29:50,278][INFO][main][IgniteKernal] Remote Management [restart: off, REST: on, JMX (remote: off)]
[09:29:50,280][INFO][main][IgniteKernal] Logger: JavaLogger [quiet=true, config=null]
[09:29:50,280][INFO][main][IgniteKernal] IGNITE_HOME=/home/bigdata/SpatialIgniteCode/IgniteSpatial_New
[09:29:50,280][INFO][main][IgniteKernal] VM arguments: [-Xmx512m, -Xms512m]
[09:29:50,280][INFO][main][IgniteKernal] System cache's DataRegion size is configured to 40 MB. Use DataStorageConfiguration.systemCacheMemorySize property to change the setting.
[09:29:50,326][INFO][main][IgniteKernal] Configured caches [in 'sysMemPlc' dataRegion: ['ignite-sys-cache']]
[09:29:50,405][INFO][main][IgniteKernal] 3-rd party licenses can be found at: /home/bigdata/SpatialIgniteCode/IgniteSpatial_New/libs/licenses
[09:29:50,581][INFO][main][IgnitePluginProcessor] Configured plugins:
[09:29:50,582][INFO][main][IgnitePluginProcessor]   ^-- None
[09:29:50,582][INFO][main][IgnitePluginProcessor] 
[09:29:50,583][INFO][main][FailureProcessor] Configured failure handler: [hnd=StopNodeOrHaltFailureHandler [tryStop=false, timeout=0]]
[09:29:50,775][INFO][main][TcpCommunicationSpi] Successfully bound communication NIO server to TCP port [port=47100, locHost=0.0.0.0/0.0.0.0, selectorsCnt=4, selectorSpins=0, pairedConn=false]
[09:29:55,791][WARNING][jvm-pause-detector-worker][] Possible too long JVM pause: 2415 milliseconds.
