[11:10:34,424][INFO][main][IgniteKernal] 

>>>    __________  ________________  
>>>   /  _/ ___/ |/ /  _/_  __/ __/  
>>>  _/ // (7 7    // /  / / / _/    
>>> /___/\___/_/|_/___/ /_/ /___/   
>>> 
>>> ver. 2.6.0#19691231-sha1:DEV
>>> 2018 Copyright(C) Apache Software Foundation
>>> 
>>> Ignite documentation: http://ignite.apache.org

[11:10:34,466][INFO][main][IgniteKernal] Config URL: file:/home/bigdata/SpatialIgniteCode/IgniteSpatial_New/config/default-config.xml
[11:10:34,515][INFO][main][IgniteKernal] IgniteConfiguration [igniteInstanceName=null, pubPoolSize=8, svcPoolSize=8, callbackPoolSize=8, stripedPoolSize=8, sysPoolSize=8, mgmtPoolSize=4, igfsPoolSize=1, dataStreamerPoolSize=8, utilityCachePoolSize=8, utilityCacheKeepAliveTime=60000, p2pPoolSize=2, qryPoolSize=8, igniteHome=/home/bigdata/SpatialIgniteCode/IgniteSpatial_New, igniteWorkDir=/home/bigdata/SpatialIgniteCode/IgniteSpatial_New/work, mbeanSrv=com.sun.jmx.mbeanserver.JmxMBeanServer@48a242ce, nodeId=cf3bd29a-99ff-4109-956e-ff1da2a6ed29, marsh=org.apache.ignite.internal.binary.BinaryMarshaller@fbd1f6, marshLocJobs=false, daemon=false, p2pEnabled=false, netTimeout=5000, sndRetryDelay=1000, sndRetryCnt=3, metricsHistSize=10000, metricsUpdateFreq=2000, metricsExpTime=9223372036854775807, discoSpi=TcpDiscoverySpi [addrRslvr=null, sockTimeout=0, ackTimeout=0, marsh=null, reconCnt=10, reconDelay=2000, maxAckTimeout=600000, forceSrvMode=false, clientReconnectDisabled=false, internalLsnr=null], segPlc=STOP, segResolveAttempts=2, waitForSegOnStart=true, allResolversPassReq=true, segChkFreq=10000, commSpi=TcpCommunicationSpi [connectGate=null, connPlc=null, enableForcibleNodeKill=false, enableTroubleshootingLog=false, srvLsnr=org.apache.ignite.spi.communication.tcp.TcpCommunicationSpi$2@61322f9d, locAddr=null, locHost=null, locPort=47100, locPortRange=100, shmemPort=-1, directBuf=true, directSndBuf=false, idleConnTimeout=600000, connTimeout=5000, maxConnTimeout=600000, reconCnt=10, sockSndBuf=32768, sockRcvBuf=32768, msgQueueLimit=0, slowClientQueueLimit=0, nioSrvr=null, shmemSrv=null, usePairedConnections=false, connectionsPerNode=1, tcpNoDelay=true, filterReachableAddresses=false, ackSndThreshold=32, unackedMsgsBufSize=0, sockWriteTimeout=2000, lsnr=null, boundTcpPort=-1, boundTcpShmemPort=-1, selectorsCnt=4, selectorSpins=0, addrRslvr=null, ctxInitLatch=java.util.concurrent.CountDownLatch@6ad82709[Count = 1], stopping=false, metricsLsnr=org.apache.ignite.spi.communication.tcp.TcpCommunicationMetricsListener@510f3d34], evtSpi=org.apache.ignite.spi.eventstorage.NoopEventStorageSpi@7817fd62, colSpi=NoopCollisionSpi [], deploySpi=LocalDeploymentSpi [lsnr=null], indexingSpi=org.apache.ignite.spi.indexing.noop.NoopIndexingSpi@fa4c865, addrRslvr=null, clientMode=false, rebalanceThreadPoolSize=1, txCfg=org.apache.ignite.configuration.TransactionConfiguration@3bd82cf5, cacheSanityCheckEnabled=true, discoStartupDelay=60000, deployMode=SHARED, p2pMissedCacheSize=100, locHost=null, timeSrvPortBase=31100, timeSrvPortRange=100, failureDetectionTimeout=10000, clientFailureDetectionTimeout=30000, metricsLogFreq=60000, hadoopCfg=null, connectorCfg=org.apache.ignite.configuration.ConnectorConfiguration@544fa968, odbcCfg=null, warmupClos=null, atomicCfg=AtomicConfiguration [seqReserveSize=1000, cacheMode=PARTITIONED, backups=1, aff=null, grpName=null], classLdr=null, sslCtxFactory=null, platformCfg=null, binaryCfg=null, memCfg=null, pstCfg=null, dsCfg=DataStorageConfiguration [sysRegionInitSize=41943040, sysCacheMaxSize=104857600, pageSize=8192, concLvl=4, dfltDataRegConf=DataRegionConfiguration [name=default, maxSize=4294967296, initSize=524288000, swapPath=null, pageEvictionMode=DISABLED, evictionThreshold=0.9, emptyPagesPoolSize=100, metricsEnabled=true, metricsSubIntervalCount=5, metricsRateTimeInterval=60000, persistenceEnabled=true, checkpointPageBufSize=0], storagePath=null, checkpointFreq=180000, lockWaitTime=10000, checkpointThreads=4, checkpointWriteOrder=SEQUENTIAL, walHistSize=20, walSegments=10, walSegmentSize=67108864, walPath=db/wal, walArchivePath=db/wal/archive, metricsEnabled=false, walMode=LOG_ONLY, walTlbSize=131072, walBuffSize=0, walFlushFreq=2000, walFsyncDelay=1000, walRecordIterBuffSize=67108864, alwaysWriteFullPages=false, fileIOFactory=org.apache.ignite.internal.processors.cache.persistence.file.AsyncFileIOFactory@d35dea7, metricsSubIntervalCnt=5, metricsRateTimeInterval=60000, walAutoArchiveAfterInactivity=-1, writeThrottlingEnabled=false, walCompactionEnabled=false], activeOnStart=true, autoActivation=true, longQryWarnTimeout=3000, sqlConnCfg=null, cliConnCfg=ClientConnectorConfiguration [host=null, port=10800, portRange=100, sockSndBufSize=0, sockRcvBufSize=0, tcpNoDelay=true, maxOpenCursorsPerConn=128, threadPoolSize=8, idleTimeout=0, jdbcEnabled=true, odbcEnabled=true, thinCliEnabled=true, sslEnabled=false, useIgniteSslCtxFactory=true, sslClientAuth=false, sslCtxFactory=null], authEnabled=false, failureHnd=null, commFailureRslvr=null]
[11:10:34,515][INFO][main][IgniteKernal] Daemon mode: off
[11:10:34,545][INFO][main][IgniteKernal] OS: Linux 3.19.0-47-generic amd64
[11:10:34,546][INFO][main][IgniteKernal] OS user: bigdata
[11:10:34,547][INFO][main][IgniteKernal] PID: 2670
[11:10:34,550][INFO][main][IgniteKernal] Language runtime: Java Platform API Specification ver. 1.8
[11:10:34,550][INFO][main][IgniteKernal] VM information: Java(TM) SE Runtime Environment 1.8.0_65-b17 Oracle Corporation Java HotSpot(TM) 64-Bit Server VM 25.65-b01
[11:10:34,551][INFO][main][IgniteKernal] VM total memory: 0.97GB
[11:10:34,556][INFO][main][IgniteKernal] Remote Management [restart: off, REST: on, JMX (remote: off)]
[11:10:34,557][INFO][main][IgniteKernal] Logger: JavaLogger [quiet=true, config=null]
[11:10:34,557][INFO][main][IgniteKernal] IGNITE_HOME=/home/bigdata/SpatialIgniteCode/IgniteSpatial_New
[11:10:34,557][INFO][main][IgniteKernal] VM arguments: [-Xmx1g, -Xms1g]
[11:10:34,558][INFO][main][IgniteKernal] System cache's DataRegion size is configured to 40 MB. Use DataStorageConfiguration.systemCacheMemorySize property to change the setting.
[11:10:34,629][INFO][main][IgniteKernal] Configured caches [in 'sysMemPlc' dataRegion: ['ignite-sys-cache']]
[11:10:34,664][INFO][main][IgniteKernal] 3-rd party licenses can be found at: /home/bigdata/SpatialIgniteCode/IgniteSpatial_New/libs/licenses
[11:10:34,804][INFO][main][IgnitePluginProcessor] Configured plugins:
[11:10:34,804][INFO][main][IgnitePluginProcessor]   ^-- None
[11:10:34,805][INFO][main][IgnitePluginProcessor] 
[11:10:34,808][INFO][main][FailureProcessor] Configured failure handler: [hnd=StopNodeOrHaltFailureHandler [tryStop=false, timeout=0]]
[11:10:34,976][INFO][main][TcpCommunicationSpi] Successfully bound communication NIO server to TCP port [port=47100, locHost=0.0.0.0/0.0.0.0, selectorsCnt=4, selectorSpins=0, pairedConn=false]
[11:10:39,989][WARNING][main][TcpCommunicationSpi] Message queue limit is set to 0 which may lead to potential OOMEs when running cache operations in FULL_ASYNC or PRIMARY_SYNC modes due to message queues growth on sender and receiver sides.
[11:10:40,177][WARNING][main][NoopCheckpointSpi] Checkpoints are disabled (to enable configure any GridCheckpointSpi implementation)
[11:10:40,217][WARNING][main][GridCollisionManager] Collision resolution is disabled (all jobs will be activated upon arrival).
[11:10:40,219][INFO][main][IgniteKernal] Security status [authentication=off, tls/ssl=off]
[11:10:40,299][INFO][main][TcpDiscoverySpi] Successfully bound to TCP port [port=47500, localHost=0.0.0.0/0.0.0.0, locNodeId=cf3bd29a-99ff-4109-956e-ff1da2a6ed29]
[11:10:40,330][INFO][main][PdsFoldersResolver] Successfully locked persistence storage folder [/home/bigdata/SpatialIgniteCode/IgniteSpatial_New/work/db/node00-50cb028d-a4c5-4f6f-a569-4a39ed62eea1]
[11:10:40,331][INFO][main][PdsFoldersResolver] Consistent ID used for local node is [50cb028d-a4c5-4f6f-a569-4a39ed62eea1] according to persistence data storage folders
[11:10:40,331][INFO][main][CacheObjectBinaryProcessorImpl] Resolved directory for serialized binary metadata: /home/bigdata/SpatialIgniteCode/IgniteSpatial_New/work/binary_meta/node00-50cb028d-a4c5-4f6f-a569-4a39ed62eea1
[11:10:40,672][INFO][main][FilePageStoreManager] Resolved page store work directory: /home/bigdata/SpatialIgniteCode/IgniteSpatial_New/work/db/node00-50cb028d-a4c5-4f6f-a569-4a39ed62eea1
[11:10:40,673][INFO][main][FileWriteAheadLogManager] Resolved write ahead log work directory: /home/bigdata/SpatialIgniteCode/IgniteSpatial_New/work/db/wal/node00-50cb028d-a4c5-4f6f-a569-4a39ed62eea1
[11:10:40,677][INFO][main][FileWriteAheadLogManager] Resolved write ahead log archive directory: /home/bigdata/SpatialIgniteCode/IgniteSpatial_New/work/db/wal/archive/node00-50cb028d-a4c5-4f6f-a569-4a39ed62eea1
[11:10:40,714][INFO][main][FileWriteAheadLogManager] Started write-ahead log manager [mode=LOG_ONLY]
[11:10:40,923][INFO][main][GridCacheDatabaseSharedManager] Read checkpoint status [startMarker=/home/bigdata/SpatialIgniteCode/IgniteSpatial_New/work/db/node00-50cb028d-a4c5-4f6f-a569-4a39ed62eea1/cp/1571845359347-b826a2df-11b0-4912-a550-0eea0559c212-START.bin, endMarker=/home/bigdata/SpatialIgniteCode/IgniteSpatial_New/work/db/node00-50cb028d-a4c5-4f6f-a569-4a39ed62eea1/cp/1571845359347-b826a2df-11b0-4912-a550-0eea0559c212-END.bin]
[11:10:40,980][INFO][main][PageMemoryImpl] Started page memory [memoryAllocated=100.0 MiB, pages=12600, tableSize=994.0 KiB, checkpointBuffer=100.0 MiB]
[11:10:40,980][INFO][main][GridCacheDatabaseSharedManager] Checking memory state [lastValidPos=FileWALPointer [idx=0, fileOff=2791244, len=157619], lastMarked=FileWALPointer [idx=0, fileOff=2791244, len=157619], lastCheckpointId=b826a2df-11b0-4912-a550-0eea0559c212]
[11:10:41,064][INFO][main][GridCacheDatabaseSharedManager] Found last checkpoint marker [cpId=b826a2df-11b0-4912-a550-0eea0559c212, pos=FileWALPointer [idx=0, fileOff=2791244, len=157619]]
[11:10:41,095][INFO][main][GridCacheDatabaseSharedManager] Applying lost cache updates since last checkpoint record [lastMarked=FileWALPointer [idx=0, fileOff=2791244, len=157619], lastCheckpointId=b826a2df-11b0-4912-a550-0eea0559c212]
[11:10:41,123][INFO][main][GridCacheDatabaseSharedManager] Finished applying WAL changes [updatesApplied=0, time=40ms]
[11:10:41,197][INFO][main][GridClusterStateProcessor] Restoring history for BaselineTopology[id=0]
[11:10:41,453][INFO][main][ClientListenerProcessor] Client connector processor has started on TCP port 10800
[11:10:41,584][INFO][main][GridTcpRestProtocol] Command protocol successfully started [name=TCP binary, host=0.0.0.0/0.0.0.0, port=11211]
[11:10:41,634][INFO][main][IgniteKernal] Non-loopback local IPs: 10.0.1.2, 10.0.2.15, fe80:0:0:0:a00:27ff:fe1e:fd50%eth1, fe80:0:0:0:a00:27ff:feac:8d09%eth0
[11:10:41,635][INFO][main][IgniteKernal] Enabled local MACs: 0800271EFD50, 080027AC8D09
[11:10:43,974][INFO][main][GridClusterStateProcessor] Sending activate request with BaselineTopology BaselineTopology [id=0, branchingHash=-1140463238, branchingType='Cluster activation', baselineNodes=[50cb028d-a4c5-4f6f-a569-4a39ed62eea1]]
[11:10:44,038][INFO][tcp-disco-msg-worker-#3][GridClusterStateProcessor] Received activate request with BaselineTopology[id=0]
[11:10:44,040][INFO][tcp-disco-msg-worker-#3][GridClusterStateProcessor] Started state transition: true
[11:10:44,046][WARNING][main][IgniteKernal] Nodes started on local machine require more than 20% of physical RAM what can lead to significant slowdown due to swapping (please decrease JVM heap size, data region size or checkpoint buffer size) [required=6209MB, available=2001MB]
[11:10:44,160][INFO][exchange-worker-#36][time] Started exchange init [topVer=AffinityTopologyVersion [topVer=1, minorTopVer=1], crd=true, evt=DISCOVERY_CUSTOM_EVT, evtNode=cf3bd29a-99ff-4109-956e-ff1da2a6ed29, customEvt=ChangeGlobalStateMessage [id=f21f00d1e61-e9e1abef-a960-4487-b86a-dbc79624553e, reqId=02e965c5-2f06-4ee5-aadc-968405694db3, initiatingNodeId=cf3bd29a-99ff-4109-956e-ff1da2a6ed29, activate=true, baselineTopology=BaselineTopology [id=0, branchingHash=-1140463238, branchingType='Cluster activation', baselineNodes=[50cb028d-a4c5-4f6f-a569-4a39ed62eea1]], forceChangeBaselineTopology=false, timestamp=1572444643973], allowMerge=false]
[11:10:44,176][INFO][exchange-worker-#36][GridDhtPartitionsExchangeFuture] Start activation process [nodeId=cf3bd29a-99ff-4109-956e-ff1da2a6ed29, client=false, topVer=AffinityTopologyVersion [topVer=1, minorTopVer=1]]
[11:10:44,178][INFO][exchange-worker-#36][FilePageStoreManager] Resolved page store work directory: /home/bigdata/SpatialIgniteCode/IgniteSpatial_New/work/db/node00-50cb028d-a4c5-4f6f-a569-4a39ed62eea1
[11:10:44,179][INFO][exchange-worker-#36][FileWriteAheadLogManager] Resolved write ahead log work directory: /home/bigdata/SpatialIgniteCode/IgniteSpatial_New/work/db/wal/node00-50cb028d-a4c5-4f6f-a569-4a39ed62eea1
[11:10:44,179][INFO][exchange-worker-#36][FileWriteAheadLogManager] Resolved write ahead log archive directory: /home/bigdata/SpatialIgniteCode/IgniteSpatial_New/work/db/wal/archive/node00-50cb028d-a4c5-4f6f-a569-4a39ed62eea1
[11:10:44,180][INFO][exchange-worker-#36][FileWriteAheadLogManager] Started write-ahead log manager [mode=LOG_ONLY]
[11:10:44,221][INFO][exchange-worker-#36][PageMemoryImpl] Started page memory [memoryAllocated=100.0 MiB, pages=12600, tableSize=994.0 KiB, checkpointBuffer=100.0 MiB]
[11:10:44,301][INFO][exchange-worker-#36][PageMemoryImpl] Started page memory [memoryAllocated=4.0 GiB, pages=516172, tableSize=39.8 MiB, checkpointBuffer=1.0 GiB]
[11:10:44,302][INFO][exchange-worker-#36][PageMemoryImpl] Started page memory [memoryAllocated=100.0 MiB, pages=12600, tableSize=994.0 KiB, checkpointBuffer=100.0 MiB]
[11:10:44,405][INFO][exchange-worker-#36][GridCacheDatabaseSharedManager] Read checkpoint status [startMarker=/home/bigdata/SpatialIgniteCode/IgniteSpatial_New/work/db/node00-50cb028d-a4c5-4f6f-a569-4a39ed62eea1/cp/1571845359347-b826a2df-11b0-4912-a550-0eea0559c212-START.bin, endMarker=/home/bigdata/SpatialIgniteCode/IgniteSpatial_New/work/db/node00-50cb028d-a4c5-4f6f-a569-4a39ed62eea1/cp/1571845359347-b826a2df-11b0-4912-a550-0eea0559c212-END.bin]
[11:10:44,410][INFO][exchange-worker-#36][GridCacheDatabaseSharedManager] Checking memory state [lastValidPos=FileWALPointer [idx=0, fileOff=2791244, len=157619], lastMarked=FileWALPointer [idx=0, fileOff=2791244, len=157619], lastCheckpointId=b826a2df-11b0-4912-a550-0eea0559c212]
[11:10:44,434][INFO][main][IgniteKernal] Performance suggestions for grid  (fix if possible)
[11:10:44,434][INFO][main][IgniteKernal] To disable, set -DIGNITE_PERFORMANCE_SUGGESTIONS_DISABLED=true
[11:10:44,434][INFO][main][IgniteKernal]   ^-- Enable G1 Garbage Collector (add '-XX:+UseG1GC' to JVM options)
[11:10:44,447][INFO][main][IgniteKernal]   ^-- Set max direct memory size if getting 'OOME: Direct buffer memory' (add '-XX:MaxDirectMemorySize=<size>[g|G|m|M|k|K]' to JVM options)
[11:10:44,447][INFO][main][IgniteKernal]   ^-- Disable processing of calls to System.gc() (add '-XX:+DisableExplicitGC' to JVM options)
[11:10:44,452][INFO][main][IgniteKernal] Refer to this page for more performance suggestions: https://apacheignite.readme.io/docs/jvm-and-system-tuning
[11:10:44,453][INFO][main][IgniteKernal] 
[11:10:44,453][INFO][main][IgniteKernal] To start Console Management & Monitoring run ignitevisorcmd.{sh|bat}
[11:10:44,453][INFO][main][IgniteKernal] 
[11:10:44,454][INFO][main][IgniteKernal] 

>>> +---------------------------------+
>>> Ignite ver. 2.6.0#19691231-sha1:DEV
>>> +---------------------------------+
>>> OS name: Linux 3.19.0-47-generic amd64
>>> CPU(s): 1
>>> Heap: 1.0GB
>>> VM name: 2670@bigdatamaster
>>> Local node [ID=CF3BD29A-99FF-4109-956E-FF1DA2A6ED29, order=1, clientMode=false]
>>> Local node addresses: [bigdatamaster/0:0:0:0:0:0:0:1%lo, 10.0.2.15/10.0.1.2, /10.0.2.15, /127.0.0.1]
>>> Local ports: TCP:10800 TCP:11211 TCP:47100 UDP:47400 TCP:47500 

[11:10:44,473][INFO][main][GridDiscoveryManager] Topology snapshot [ver=1, servers=1, clients=0, CPUs=1, offheap=4.0GB, heap=1.0GB]
[11:10:44,474][INFO][main][GridDiscoveryManager]   ^-- Node [id=CF3BD29A-99FF-4109-956E-FF1DA2A6ED29, clusterState=INACTIVE]
[11:10:44,474][INFO][main][GridDiscoveryManager]   ^-- Baseline [id=0, size=1, online=1, offline=0]
[11:10:44,474][INFO][main][GridDiscoveryManager]   ^-- All baseline nodes are online, will start auto-activation
[11:10:44,474][INFO][main][GridDiscoveryManager] Data Regions Configured:
[11:10:44,474][INFO][main][GridDiscoveryManager]   ^-- default [initSize=500.0 MiB, maxSize=4.0 GiB, persistenceEnabled=true]
[11:10:44,540][INFO][exchange-worker-#36][GridCacheDatabaseSharedManager] Found last checkpoint marker [cpId=b826a2df-11b0-4912-a550-0eea0559c212, pos=FileWALPointer [idx=0, fileOff=2791244, len=157619]]
[11:10:44,600][INFO][exchange-worker-#36][FileWriteAheadLogManager] Resuming logging to WAL segment [file=/home/bigdata/SpatialIgniteCode/IgniteSpatial_New/work/db/wal/node00-50cb028d-a4c5-4f6f-a569-4a39ed62eea1/0000000000000000.wal, offset=2948863, ver=2]
[11:10:44,647][INFO][exchange-worker-#36][GridClusterStateProcessor] Writing BaselineTopology[id=0]
[11:10:45,328][INFO][exchange-worker-#36][GridCacheProcessor] Started cache [name=ignite-sys-cache, id=-2100569601, memoryPolicyName=sysMemPlc, mode=REPLICATED, atomicity=TRANSACTIONAL, backups=2147483647]
[11:10:45,335][INFO][exchange-worker-#36][GridDhtPartitionsExchangeFuture] Successfully activated caches [nodeId=cf3bd29a-99ff-4109-956e-ff1da2a6ed29, client=false, topVer=AffinityTopologyVersion [topVer=1, minorTopVer=1]]
[11:10:45,357][INFO][exchange-worker-#36][GridDhtPartitionsExchangeFuture] Finished waiting for partition release future [topVer=AffinityTopologyVersion [topVer=1, minorTopVer=1], waitTime=0ms, futInfo=NA]
[11:10:45,363][INFO][exchange-worker-#36][GridDhtPartitionsExchangeFuture] Finished waiting for partitions release latch: ServerLatch [permits=0, pendingAcks=[], super=CompletableLatch [id=exchange, topVer=AffinityTopologyVersion [topVer=1, minorTopVer=1]]]
[11:10:45,364][INFO][exchange-worker-#36][GridDhtPartitionsExchangeFuture] Finished waiting for partition release future [topVer=AffinityTopologyVersion [topVer=1, minorTopVer=1], waitTime=0ms, futInfo=NA]
[11:10:45,365][INFO][exchange-worker-#36][GridCacheDatabaseSharedManager] Read checkpoint status [startMarker=/home/bigdata/SpatialIgniteCode/IgniteSpatial_New/work/db/node00-50cb028d-a4c5-4f6f-a569-4a39ed62eea1/cp/1571845359347-b826a2df-11b0-4912-a550-0eea0559c212-START.bin, endMarker=/home/bigdata/SpatialIgniteCode/IgniteSpatial_New/work/db/node00-50cb028d-a4c5-4f6f-a569-4a39ed62eea1/cp/1571845359347-b826a2df-11b0-4912-a550-0eea0559c212-END.bin]
[11:10:45,365][INFO][exchange-worker-#36][GridCacheDatabaseSharedManager] Applying lost cache updates since last checkpoint record [lastMarked=FileWALPointer [idx=0, fileOff=2791244, len=157619], lastCheckpointId=b826a2df-11b0-4912-a550-0eea0559c212]
[11:10:45,406][INFO][exchange-worker-#36][GridCacheDatabaseSharedManager] Finished applying WAL changes [updatesApplied=0, time=37ms]
[11:10:45,425][INFO][db-checkpoint-thread-#37][GridCacheDatabaseSharedManager] Checkpoint started [checkpointId=156b8f0a-3a22-40b8-b2d1-536b5d7cb88f, startPtr=FileWALPointer [idx=0, fileOff=3086304, len=47], checkpointLockWait=0ms, checkpointLockHoldTime=5ms, walCpRecordFsyncDuration=5ms, pages=7, reason='node started']
[11:10:45,456][INFO][exchange-worker-#36][GridDhtPartitionsExchangeFuture] finishExchangeOnCoordinator [topVer=AffinityTopologyVersion [topVer=1, minorTopVer=1], resVer=AffinityTopologyVersion [topVer=1, minorTopVer=1]]
[11:10:45,464][INFO][db-checkpoint-thread-#37][GridCacheDatabaseSharedManager] Checkpoint finished [cpId=156b8f0a-3a22-40b8-b2d1-536b5d7cb88f, pages=7, markPos=FileWALPointer [idx=0, fileOff=3086304, len=47], walSegmentsCleared=0, markDuration=20ms, pagesWrite=25ms, fsync=11ms, total=56ms]
[11:10:45,519][INFO][tcp-disco-msg-worker-#3][GridClusterStateProcessor] Received state change finish message: true
[11:10:45,519][INFO][exchange-worker-#36][GridDhtPartitionsExchangeFuture] Finish exchange future [startVer=AffinityTopologyVersion [topVer=1, minorTopVer=1], resVer=AffinityTopologyVersion [topVer=1, minorTopVer=1], err=null]
[11:10:45,552][INFO][exchange-worker-#36][time] Finished exchange init [topVer=AffinityTopologyVersion [topVer=1, minorTopVer=1], crd=true]
[11:10:45,581][INFO][exchange-worker-#36][GridCachePartitionExchangeManager] Skipping rebalancing (nothing scheduled) [top=AffinityTopologyVersion [topVer=1, minorTopVer=1], evt=DISCOVERY_CUSTOM_EVT, node=cf3bd29a-99ff-4109-956e-ff1da2a6ed29]
[11:10:45,598][INFO][exchange-worker-#36][time] Started exchange init [topVer=AffinityTopologyVersion [topVer=1, minorTopVer=2], crd=true, evt=DISCOVERY_CUSTOM_EVT, evtNode=cf3bd29a-99ff-4109-956e-ff1da2a6ed29, customEvt=DynamicCacheChangeBatch [id=f31f00d1e61-e9e1abef-a960-4487-b86a-dbc79624553e, reqs=[DynamicCacheChangeRequest [cacheName=Area-Cache, hasCfg=true, nodeId=cf3bd29a-99ff-4109-956e-ff1da2a6ed29, clientStartOnly=false, stop=false, destroy=false, disabledAfterStartfalse]], exchangeActions=ExchangeActions [startCaches=[Area-Cache], stopCaches=null, startGrps=[Area-Cache], stopGrps=[], resetParts=null, stateChangeRequest=null], startCaches=false], allowMerge=false]
[11:10:45,626][INFO][sys-#42][GridClusterStateProcessor] Successfully performed final activation steps [nodeId=cf3bd29a-99ff-4109-956e-ff1da2a6ed29, client=false, topVer=AffinityTopologyVersion [topVer=1, minorTopVer=1]]
[11:10:45,871][INFO][exchange-worker-#36][GridCacheProcessor] Started cache [name=Area-Cache, id=1692017218, memoryPolicyName=default, mode=PARTITIONED, atomicity=ATOMIC, backups=0]
[11:10:45,880][INFO][exchange-worker-#36][GridDhtPartitionsExchangeFuture] Finished waiting for partition release future [topVer=AffinityTopologyVersion [topVer=1, minorTopVer=2], waitTime=0ms, futInfo=NA]
[11:10:45,881][INFO][exchange-worker-#36][GridDhtPartitionsExchangeFuture] Finished waiting for partitions release latch: ServerLatch [permits=0, pendingAcks=[], super=CompletableLatch [id=exchange, topVer=AffinityTopologyVersion [topVer=1, minorTopVer=2]]]
[11:10:45,883][INFO][exchange-worker-#36][GridDhtPartitionsExchangeFuture] Finished waiting for partition release future [topVer=AffinityTopologyVersion [topVer=1, minorTopVer=2], waitTime=0ms, futInfo=NA]
[11:10:46,061][INFO][exchange-worker-#36][GridDhtPartitionsExchangeFuture] finishExchangeOnCoordinator [topVer=AffinityTopologyVersion [topVer=1, minorTopVer=2], resVer=AffinityTopologyVersion [topVer=1, minorTopVer=2]]
[11:10:46,105][INFO][exchange-worker-#36][GridDhtPartitionsExchangeFuture] Finish exchange future [startVer=AffinityTopologyVersion [topVer=1, minorTopVer=2], resVer=AffinityTopologyVersion [topVer=1, minorTopVer=2], err=null]
[11:10:46,177][INFO][exchange-worker-#36][time] Finished exchange init [topVer=AffinityTopologyVersion [topVer=1, minorTopVer=2], crd=true]
[11:10:46,181][INFO][exchange-worker-#36][GridCachePartitionExchangeManager] Skipping rebalancing (nothing scheduled) [top=AffinityTopologyVersion [topVer=1, minorTopVer=2], evt=DISCOVERY_CUSTOM_EVT, node=cf3bd29a-99ff-4109-956e-ff1da2a6ed29]
[11:10:46,226][INFO][pub-#45][GridCacheDatabaseSharedManager] Finished indexes rebuilding for cache [name=Area-Cache, grpName=null]
[11:10:46,227][INFO][exchange-worker-#36][time] Started exchange init [topVer=AffinityTopologyVersion [topVer=1, minorTopVer=3], crd=true, evt=DISCOVERY_CUSTOM_EVT, evtNode=cf3bd29a-99ff-4109-956e-ff1da2a6ed29, customEvt=DynamicCacheChangeBatch [id=741f00d1e61-e9e1abef-a960-4487-b86a-dbc79624553e, reqs=[DynamicCacheChangeRequest [cacheName=Point-Cache, hasCfg=true, nodeId=cf3bd29a-99ff-4109-956e-ff1da2a6ed29, clientStartOnly=false, stop=false, destroy=false, disabledAfterStartfalse]], exchangeActions=ExchangeActions [startCaches=[Point-Cache], stopCaches=null, startGrps=[Point-Cache], stopGrps=[], resetParts=null, stateChangeRequest=null], startCaches=false], allowMerge=false]
[11:10:46,341][INFO][exchange-worker-#36][GridCacheProcessor] Started cache [name=Point-Cache, id=790455493, memoryPolicyName=default, mode=PARTITIONED, atomicity=ATOMIC, backups=0]
[11:10:46,344][INFO][exchange-worker-#36][GridDhtPartitionsExchangeFuture] Finished waiting for partition release future [topVer=AffinityTopologyVersion [topVer=1, minorTopVer=3], waitTime=0ms, futInfo=NA]
[11:10:46,344][INFO][exchange-worker-#36][GridDhtPartitionsExchangeFuture] Finished waiting for partitions release latch: ServerLatch [permits=0, pendingAcks=[], super=CompletableLatch [id=exchange, topVer=AffinityTopologyVersion [topVer=1, minorTopVer=3]]]
[11:10:46,344][INFO][exchange-worker-#36][GridDhtPartitionsExchangeFuture] Finished waiting for partition release future [topVer=AffinityTopologyVersion [topVer=1, minorTopVer=3], waitTime=0ms, futInfo=NA]
[11:10:46,460][INFO][exchange-worker-#36][GridDhtPartitionsExchangeFuture] finishExchangeOnCoordinator [topVer=AffinityTopologyVersion [topVer=1, minorTopVer=3], resVer=AffinityTopologyVersion [topVer=1, minorTopVer=3]]
[11:10:46,493][INFO][exchange-worker-#36][GridDhtPartitionsExchangeFuture] Finish exchange future [startVer=AffinityTopologyVersion [topVer=1, minorTopVer=3], resVer=AffinityTopologyVersion [topVer=1, minorTopVer=3], err=null]
[11:10:46,503][INFO][exchange-worker-#36][GridCacheDatabaseSharedManager] Finished indexes rebuilding for cache [name=Point-Cache, grpName=null]
[11:10:46,505][INFO][exchange-worker-#36][time] Finished exchange init [topVer=AffinityTopologyVersion [topVer=1, minorTopVer=3], crd=true]
[11:10:46,515][INFO][exchange-worker-#36][GridCachePartitionExchangeManager] Skipping rebalancing (obsolete exchange ID) [top=AffinityTopologyVersion [topVer=1, minorTopVer=3], evt=DISCOVERY_CUSTOM_EVT, node=cf3bd29a-99ff-4109-956e-ff1da2a6ed29]
[11:10:46,516][INFO][exchange-worker-#36][time] Started exchange init [topVer=AffinityTopologyVersion [topVer=1, minorTopVer=4], crd=true, evt=DISCOVERY_CUSTOM_EVT, evtNode=cf3bd29a-99ff-4109-956e-ff1da2a6ed29, customEvt=DynamicCacheChangeBatch [id=d41f00d1e61-e9e1abef-a960-4487-b86a-dbc79624553e, reqs=[DynamicCacheChangeRequest [cacheName=Edge-Cache, hasCfg=true, nodeId=cf3bd29a-99ff-4109-956e-ff1da2a6ed29, clientStartOnly=false, stop=false, destroy=false, disabledAfterStartfalse]], exchangeActions=ExchangeActions [startCaches=[Edge-Cache], stopCaches=null, startGrps=[Edge-Cache], stopGrps=[], resetParts=null, stateChangeRequest=null], startCaches=false], allowMerge=false]
[11:10:46,653][INFO][exchange-worker-#36][GridCacheProcessor] Started cache [name=Edge-Cache, id=-1113777294, memoryPolicyName=default, mode=PARTITIONED, atomicity=ATOMIC, backups=0]
[11:10:46,658][INFO][exchange-worker-#36][GridDhtPartitionsExchangeFuture] Finished waiting for partition release future [topVer=AffinityTopologyVersion [topVer=1, minorTopVer=4], waitTime=0ms, futInfo=NA]
[11:10:46,658][INFO][exchange-worker-#36][GridDhtPartitionsExchangeFuture] Finished waiting for partitions release latch: ServerLatch [permits=0, pendingAcks=[], super=CompletableLatch [id=exchange, topVer=AffinityTopologyVersion [topVer=1, minorTopVer=4]]]
[11:10:46,658][INFO][exchange-worker-#36][GridDhtPartitionsExchangeFuture] Finished waiting for partition release future [topVer=AffinityTopologyVersion [topVer=1, minorTopVer=4], waitTime=0ms, futInfo=NA]
[11:10:46,849][INFO][exchange-worker-#36][GridDhtPartitionsExchangeFuture] finishExchangeOnCoordinator [topVer=AffinityTopologyVersion [topVer=1, minorTopVer=4], resVer=AffinityTopologyVersion [topVer=1, minorTopVer=4]]
[11:10:46,914][INFO][exchange-worker-#36][GridDhtPartitionsExchangeFuture] Finish exchange future [startVer=AffinityTopologyVersion [topVer=1, minorTopVer=4], resVer=AffinityTopologyVersion [topVer=1, minorTopVer=4], err=null]
[11:10:46,920][INFO][exchange-worker-#36][GridCacheDatabaseSharedManager] Finished indexes rebuilding for cache [name=Edge-Cache, grpName=null]
[11:10:46,923][INFO][exchange-worker-#36][time] Finished exchange init [topVer=AffinityTopologyVersion [topVer=1, minorTopVer=4], crd=true]
[11:10:46,927][INFO][exchange-worker-#36][GridCachePartitionExchangeManager] Skipping rebalancing (obsolete exchange ID) [top=AffinityTopologyVersion [topVer=1, minorTopVer=4], evt=DISCOVERY_CUSTOM_EVT, node=cf3bd29a-99ff-4109-956e-ff1da2a6ed29]
[11:10:46,928][INFO][exchange-worker-#36][time] Started exchange init [topVer=AffinityTopologyVersion [topVer=1, minorTopVer=5], crd=true, evt=DISCOVERY_CUSTOM_EVT, evtNode=cf3bd29a-99ff-4109-956e-ff1da2a6ed29, customEvt=DynamicCacheChangeBatch [id=351f00d1e61-e9e1abef-a960-4487-b86a-dbc79624553e, reqs=[DynamicCacheChangeRequest [cacheName=WaterArea-Cache, hasCfg=true, nodeId=cf3bd29a-99ff-4109-956e-ff1da2a6ed29, clientStartOnly=false, stop=false, destroy=false, disabledAfterStartfalse]], exchangeActions=ExchangeActions [startCaches=[WaterArea-Cache], stopCaches=null, startGrps=[WaterArea-Cache], stopGrps=[], resetParts=null, stateChangeRequest=null], startCaches=false], allowMerge=false]
[11:10:47,041][INFO][exchange-worker-#36][GridCacheProcessor] Started cache [name=WaterArea-Cache, id=-306090375, memoryPolicyName=default, mode=PARTITIONED, atomicity=ATOMIC, backups=0]
[11:10:47,056][INFO][exchange-worker-#36][GridDhtPartitionsExchangeFuture] Finished waiting for partition release future [topVer=AffinityTopologyVersion [topVer=1, minorTopVer=5], waitTime=0ms, futInfo=NA]
[11:10:47,059][INFO][exchange-worker-#36][GridDhtPartitionsExchangeFuture] Finished waiting for partitions release latch: ServerLatch [permits=0, pendingAcks=[], super=CompletableLatch [id=exchange, topVer=AffinityTopologyVersion [topVer=1, minorTopVer=5]]]
[11:10:47,059][INFO][exchange-worker-#36][GridDhtPartitionsExchangeFuture] Finished waiting for partition release future [topVer=AffinityTopologyVersion [topVer=1, minorTopVer=5], waitTime=0ms, futInfo=NA]
[11:10:47,172][INFO][exchange-worker-#36][GridDhtPartitionsExchangeFuture] finishExchangeOnCoordinator [topVer=AffinityTopologyVersion [topVer=1, minorTopVer=5], resVer=AffinityTopologyVersion [topVer=1, minorTopVer=5]]
[11:10:47,302][INFO][exchange-worker-#36][GridDhtPartitionsExchangeFuture] Finish exchange future [startVer=AffinityTopologyVersion [topVer=1, minorTopVer=5], resVer=AffinityTopologyVersion [topVer=1, minorTopVer=5], err=null]
[11:10:47,332][INFO][exchange-worker-#36][GridCacheDatabaseSharedManager] Finished indexes rebuilding for cache [name=WaterArea-Cache, grpName=null]
[11:10:47,372][INFO][exchange-worker-#36][time] Finished exchange init [topVer=AffinityTopologyVersion [topVer=1, minorTopVer=5], crd=true]
[11:10:47,438][INFO][exchange-worker-#36][GridCachePartitionExchangeManager] Skipping rebalancing (nothing scheduled) [top=AffinityTopologyVersion [topVer=1, minorTopVer=5], evt=DISCOVERY_CUSTOM_EVT, node=cf3bd29a-99ff-4109-956e-ff1da2a6ed29]
[11:10:48,605][INFO][exchange-worker-#36][time] Started exchange init [topVer=AffinityTopologyVersion [topVer=1, minorTopVer=6], crd=true, evt=DISCOVERY_CUSTOM_EVT, evtNode=cf3bd29a-99ff-4109-956e-ff1da2a6ed29, customEvt=DynamicCacheChangeBatch [id=a51f00d1e61-e9e1abef-a960-4487-b86a-dbc79624553e, reqs=[DynamicCacheChangeRequest [cacheName=Area-Cache, hasCfg=false, nodeId=cf3bd29a-99ff-4109-956e-ff1da2a6ed29, clientStartOnly=false, stop=true, destroy=false, disabledAfterStartfalse]], exchangeActions=ExchangeActions [startCaches=null, stopCaches=[Area-Cache], startGrps=[], stopGrps=[Area-Cache, destroy=true], resetParts=null, stateChangeRequest=null], startCaches=false], allowMerge=false]
[11:10:48,608][INFO][exchange-worker-#36][GridDhtPartitionsExchangeFuture] Finished waiting for partition release future [topVer=AffinityTopologyVersion [topVer=1, minorTopVer=6], waitTime=0ms, futInfo=NA]
[11:10:48,608][INFO][exchange-worker-#36][GridDhtPartitionsExchangeFuture] Finished waiting for partitions release latch: ServerLatch [permits=0, pendingAcks=[], super=CompletableLatch [id=exchange, topVer=AffinityTopologyVersion [topVer=1, minorTopVer=6]]]
[11:10:48,608][INFO][exchange-worker-#36][GridDhtPartitionsExchangeFuture] Finished waiting for partition release future [topVer=AffinityTopologyVersion [topVer=1, minorTopVer=6], waitTime=0ms, futInfo=NA]
[11:10:48,682][INFO][exchange-worker-#36][GridDhtPartitionsExchangeFuture] finishExchangeOnCoordinator [topVer=AffinityTopologyVersion [topVer=1, minorTopVer=6], resVer=AffinityTopologyVersion [topVer=1, minorTopVer=6]]
[11:10:48,753][INFO][exchange-worker-#36][GridDhtPartitionsExchangeFuture] Finish exchange future [startVer=AffinityTopologyVersion [topVer=1, minorTopVer=6], resVer=AffinityTopologyVersion [topVer=1, minorTopVer=6], err=null]
[11:10:48,815][INFO][db-checkpoint-thread-#37][GridCacheDatabaseSharedManager] Checkpoint started [checkpointId=bbafeb41-d1eb-479d-b450-abe916a8c2f9, startPtr=FileWALPointer [idx=0, fileOff=3785011, len=157619], checkpointLockWait=0ms, checkpointLockHoldTime=32ms, walCpRecordFsyncDuration=14ms, pages=92, reason='caches stop']
[11:10:48,852][INFO][db-checkpoint-thread-#37][GridCacheDatabaseSharedManager] Checkpoint finished [cpId=bbafeb41-d1eb-479d-b450-abe916a8c2f9, pages=92, markPos=FileWALPointer [idx=0, fileOff=3785011, len=157619], walSegmentsCleared=0, markDuration=50ms, pagesWrite=25ms, fsync=12ms, total=87ms]
[11:10:48,870][INFO][exchange-worker-#36][GridCacheProcessor] Stopped cache [cacheName=Area-Cache]
[11:10:48,955][INFO][exchange-worker-#36][time] Finished exchange init [topVer=AffinityTopologyVersion [topVer=1, minorTopVer=6], crd=true]
[11:10:48,969][INFO][exchange-worker-#36][GridCachePartitionExchangeManager] Skipping rebalancing (obsolete exchange ID) [top=AffinityTopologyVersion [topVer=1, minorTopVer=6], evt=DISCOVERY_CUSTOM_EVT, node=cf3bd29a-99ff-4109-956e-ff1da2a6ed29]
[11:10:48,969][INFO][exchange-worker-#36][time] Started exchange init [topVer=AffinityTopologyVersion [topVer=1, minorTopVer=7], crd=true, evt=DISCOVERY_CUSTOM_EVT, evtNode=cf3bd29a-99ff-4109-956e-ff1da2a6ed29, customEvt=DynamicCacheChangeBatch [id=e51f00d1e61-e9e1abef-a960-4487-b86a-dbc79624553e, reqs=[DynamicCacheChangeRequest [cacheName=Point-Cache, hasCfg=false, nodeId=cf3bd29a-99ff-4109-956e-ff1da2a6ed29, clientStartOnly=false, stop=true, destroy=false, disabledAfterStartfalse]], exchangeActions=ExchangeActions [startCaches=null, stopCaches=[Point-Cache], startGrps=[], stopGrps=[Point-Cache, destroy=true], resetParts=null, stateChangeRequest=null], startCaches=false], allowMerge=false]
[11:10:48,971][INFO][exchange-worker-#36][GridDhtPartitionsExchangeFuture] Finished waiting for partition release future [topVer=AffinityTopologyVersion [topVer=1, minorTopVer=7], waitTime=0ms, futInfo=NA]
[11:10:48,971][INFO][exchange-worker-#36][GridDhtPartitionsExchangeFuture] Finished waiting for partitions release latch: ServerLatch [permits=0, pendingAcks=[], super=CompletableLatch [id=exchange, topVer=AffinityTopologyVersion [topVer=1, minorTopVer=7]]]
[11:10:48,972][INFO][exchange-worker-#36][GridDhtPartitionsExchangeFuture] Finished waiting for partition release future [topVer=AffinityTopologyVersion [topVer=1, minorTopVer=7], waitTime=0ms, futInfo=NA]
[11:10:48,990][INFO][exchange-worker-#36][GridDhtPartitionsExchangeFuture] finishExchangeOnCoordinator [topVer=AffinityTopologyVersion [topVer=1, minorTopVer=7], resVer=AffinityTopologyVersion [topVer=1, minorTopVer=7]]
[11:10:49,016][INFO][exchange-worker-#36][GridDhtPartitionsExchangeFuture] Finish exchange future [startVer=AffinityTopologyVersion [topVer=1, minorTopVer=7], resVer=AffinityTopologyVersion [topVer=1, minorTopVer=7], err=null]
[11:10:49,040][INFO][db-checkpoint-thread-#37][GridCacheDatabaseSharedManager] Skipping checkpoint (no pages were modified) [checkpointLockWait=0ms, checkpointLockHoldTime=3ms, reason='caches stop']
[11:10:49,042][INFO][exchange-worker-#36][GridCacheProcessor] Stopped cache [cacheName=Point-Cache]
[11:10:49,081][INFO][exchange-worker-#36][time] Finished exchange init [topVer=AffinityTopologyVersion [topVer=1, minorTopVer=7], crd=true]
[11:10:49,096][INFO][exchange-worker-#36][GridCachePartitionExchangeManager] Skipping rebalancing (nothing scheduled) [top=AffinityTopologyVersion [topVer=1, minorTopVer=7], evt=DISCOVERY_CUSTOM_EVT, node=cf3bd29a-99ff-4109-956e-ff1da2a6ed29]
[11:10:49,096][INFO][exchange-worker-#36][time] Started exchange init [topVer=AffinityTopologyVersion [topVer=1, minorTopVer=8], crd=true, evt=DISCOVERY_CUSTOM_EVT, evtNode=cf3bd29a-99ff-4109-956e-ff1da2a6ed29, customEvt=DynamicCacheChangeBatch [id=261f00d1e61-e9e1abef-a960-4487-b86a-dbc79624553e, reqs=[DynamicCacheChangeRequest [cacheName=Edge-Cache, hasCfg=false, nodeId=cf3bd29a-99ff-4109-956e-ff1da2a6ed29, clientStartOnly=false, stop=true, destroy=false, disabledAfterStartfalse]], exchangeActions=ExchangeActions [startCaches=null, stopCaches=[Edge-Cache], startGrps=[], stopGrps=[Edge-Cache, destroy=true], resetParts=null, stateChangeRequest=null], startCaches=false], allowMerge=false]
[11:10:49,098][INFO][exchange-worker-#36][GridDhtPartitionsExchangeFuture] Finished waiting for partition release future [topVer=AffinityTopologyVersion [topVer=1, minorTopVer=8], waitTime=0ms, futInfo=NA]
[11:10:49,098][INFO][exchange-worker-#36][GridDhtPartitionsExchangeFuture] Finished waiting for partitions release latch: ServerLatch [permits=0, pendingAcks=[], super=CompletableLatch [id=exchange, topVer=AffinityTopologyVersion [topVer=1, minorTopVer=8]]]
[11:10:49,098][INFO][exchange-worker-#36][GridDhtPartitionsExchangeFuture] Finished waiting for partition release future [topVer=AffinityTopologyVersion [topVer=1, minorTopVer=8], waitTime=0ms, futInfo=NA]
[11:10:49,103][INFO][exchange-worker-#36][GridDhtPartitionsExchangeFuture] finishExchangeOnCoordinator [topVer=AffinityTopologyVersion [topVer=1, minorTopVer=8], resVer=AffinityTopologyVersion [topVer=1, minorTopVer=8]]
[11:10:49,131][INFO][exchange-worker-#36][GridDhtPartitionsExchangeFuture] Finish exchange future [startVer=AffinityTopologyVersion [topVer=1, minorTopVer=8], resVer=AffinityTopologyVersion [topVer=1, minorTopVer=8], err=null]
[11:10:49,138][INFO][db-checkpoint-thread-#37][GridCacheDatabaseSharedManager] Skipping checkpoint (no pages were modified) [checkpointLockWait=0ms, checkpointLockHoldTime=2ms, reason='caches stop']
[11:10:49,141][INFO][exchange-worker-#36][GridCacheProcessor] Stopped cache [cacheName=Edge-Cache]
[11:10:49,240][INFO][exchange-worker-#36][time] Finished exchange init [topVer=AffinityTopologyVersion [topVer=1, minorTopVer=8], crd=true]
[11:10:49,241][INFO][exchange-worker-#36][GridCachePartitionExchangeManager] Skipping rebalancing (obsolete exchange ID) [top=AffinityTopologyVersion [topVer=1, minorTopVer=8], evt=DISCOVERY_CUSTOM_EVT, node=cf3bd29a-99ff-4109-956e-ff1da2a6ed29]
[11:10:49,241][INFO][exchange-worker-#36][time] Started exchange init [topVer=AffinityTopologyVersion [topVer=1, minorTopVer=9], crd=true, evt=DISCOVERY_CUSTOM_EVT, evtNode=cf3bd29a-99ff-4109-956e-ff1da2a6ed29, customEvt=DynamicCacheChangeBatch [id=661f00d1e61-e9e1abef-a960-4487-b86a-dbc79624553e, reqs=[DynamicCacheChangeRequest [cacheName=WaterArea-Cache, hasCfg=false, nodeId=cf3bd29a-99ff-4109-956e-ff1da2a6ed29, clientStartOnly=false, stop=true, destroy=false, disabledAfterStartfalse]], exchangeActions=ExchangeActions [startCaches=null, stopCaches=[WaterArea-Cache], startGrps=[], stopGrps=[WaterArea-Cache, destroy=true], resetParts=null, stateChangeRequest=null], startCaches=false], allowMerge=false]
[11:10:49,264][INFO][exchange-worker-#36][GridDhtPartitionsExchangeFuture] Finished waiting for partition release future [topVer=AffinityTopologyVersion [topVer=1, minorTopVer=9], waitTime=16ms, futInfo=NA]
[11:10:49,286][INFO][exchange-worker-#36][GridDhtPartitionsExchangeFuture] Finished waiting for partitions release latch: ServerLatch [permits=0, pendingAcks=[], super=CompletableLatch [id=exchange, topVer=AffinityTopologyVersion [topVer=1, minorTopVer=9]]]
[11:10:49,287][INFO][exchange-worker-#36][GridDhtPartitionsExchangeFuture] Finished waiting for partition release future [topVer=AffinityTopologyVersion [topVer=1, minorTopVer=9], waitTime=0ms, futInfo=NA]
[11:10:49,287][INFO][exchange-worker-#36][GridDhtPartitionsExchangeFuture] finishExchangeOnCoordinator [topVer=AffinityTopologyVersion [topVer=1, minorTopVer=9], resVer=AffinityTopologyVersion [topVer=1, minorTopVer=9]]
[11:10:49,292][INFO][exchange-worker-#36][GridDhtPartitionsExchangeFuture] Finish exchange future [startVer=AffinityTopologyVersion [topVer=1, minorTopVer=9], resVer=AffinityTopologyVersion [topVer=1, minorTopVer=9], err=null]
[11:10:49,307][INFO][db-checkpoint-thread-#37][GridCacheDatabaseSharedManager] Skipping checkpoint (no pages were modified) [checkpointLockWait=0ms, checkpointLockHoldTime=8ms, reason='caches stop']
[11:10:49,323][INFO][exchange-worker-#36][GridCacheProcessor] Stopped cache [cacheName=WaterArea-Cache]
[11:10:49,382][INFO][exchange-worker-#36][time] Finished exchange init [topVer=AffinityTopologyVersion [topVer=1, minorTopVer=9], crd=true]
[11:10:49,382][INFO][exchange-worker-#36][GridCachePartitionExchangeManager] Skipping rebalancing (nothing scheduled) [top=AffinityTopologyVersion [topVer=1, minorTopVer=9], evt=DISCOVERY_CUSTOM_EVT, node=cf3bd29a-99ff-4109-956e-ff1da2a6ed29]
[11:10:49,388][INFO][main][GridTcpRestProtocol] Command protocol successfully stopped: TCP binary
[11:10:49,391][INFO][db-checkpoint-thread-#37][GridCacheDatabaseSharedManager] Skipping checkpoint (no pages were modified) [checkpointLockWait=0ms, checkpointLockHoldTime=0ms, reason='timeout']
[11:10:49,413][INFO][main][GridCacheProcessor] Stopped cache [cacheName=ignite-sys-cache]
[11:10:49,443][INFO][main][IgniteKernal] 

>>> +--------------------------------------------+
>>> Ignite ver. 2.6.0#19691231-sha1:DEV stopped OK
>>> +--------------------------------------------+
>>> Grid uptime: 00:00:05.012


