[11:01:47,827][INFO][main][IgniteKernal] 

>>>    __________  ________________  
>>>   /  _/ ___/ |/ /  _/_  __/ __/  
>>>  _/ // (7 7    // /  / / / _/    
>>> /___/\___/_/|_/___/ /_/ /___/   
>>> 
>>> ver. 2.6.0#19691231-sha1:DEV
>>> 2018 Copyright(C) Apache Software Foundation
>>> 
>>> Ignite documentation: http://ignite.apache.org

[11:01:47,858][INFO][main][IgniteKernal] Config URL: file:/home/bigdata/SpatialIgniteCode/IgniteSpatial_New/config/default-config.xml
[11:01:47,936][INFO][main][IgniteKernal] IgniteConfiguration [igniteInstanceName=null, pubPoolSize=8, svcPoolSize=8, callbackPoolSize=8, stripedPoolSize=8, sysPoolSize=8, mgmtPoolSize=4, igfsPoolSize=1, dataStreamerPoolSize=8, utilityCachePoolSize=8, utilityCacheKeepAliveTime=60000, p2pPoolSize=2, qryPoolSize=8, igniteHome=/home/bigdata/SpatialIgniteCode/IgniteSpatial_New, igniteWorkDir=/home/bigdata/SpatialIgniteCode/IgniteSpatial_New/work, mbeanSrv=com.sun.jmx.mbeanserver.JmxMBeanServer@48a242ce, nodeId=ca826d46-8d19-40d1-a346-1182313016f8, marsh=org.apache.ignite.internal.binary.BinaryMarshaller@fbd1f6, marshLocJobs=false, daemon=false, p2pEnabled=false, netTimeout=5000, sndRetryDelay=1000, sndRetryCnt=3, metricsHistSize=10000, metricsUpdateFreq=2000, metricsExpTime=9223372036854775807, discoSpi=TcpDiscoverySpi [addrRslvr=null, sockTimeout=0, ackTimeout=0, marsh=null, reconCnt=10, reconDelay=2000, maxAckTimeout=600000, forceSrvMode=false, clientReconnectDisabled=false, internalLsnr=null], segPlc=STOP, segResolveAttempts=2, waitForSegOnStart=true, allResolversPassReq=true, segChkFreq=10000, commSpi=TcpCommunicationSpi [connectGate=null, connPlc=null, enableForcibleNodeKill=false, enableTroubleshootingLog=false, srvLsnr=org.apache.ignite.spi.communication.tcp.TcpCommunicationSpi$2@61322f9d, locAddr=null, locHost=null, locPort=47100, locPortRange=100, shmemPort=-1, directBuf=true, directSndBuf=false, idleConnTimeout=600000, connTimeout=5000, maxConnTimeout=600000, reconCnt=10, sockSndBuf=32768, sockRcvBuf=32768, msgQueueLimit=0, slowClientQueueLimit=0, nioSrvr=null, shmemSrv=null, usePairedConnections=false, connectionsPerNode=1, tcpNoDelay=true, filterReachableAddresses=false, ackSndThreshold=32, unackedMsgsBufSize=0, sockWriteTimeout=2000, lsnr=null, boundTcpPort=-1, boundTcpShmemPort=-1, selectorsCnt=4, selectorSpins=0, addrRslvr=null, ctxInitLatch=java.util.concurrent.CountDownLatch@6ad82709[Count = 1], stopping=false, metricsLsnr=org.apache.ignite.spi.communication.tcp.TcpCommunicationMetricsListener@510f3d34], evtSpi=org.apache.ignite.spi.eventstorage.NoopEventStorageSpi@7817fd62, colSpi=NoopCollisionSpi [], deploySpi=LocalDeploymentSpi [lsnr=null], indexingSpi=org.apache.ignite.spi.indexing.noop.NoopIndexingSpi@fa4c865, addrRslvr=null, clientMode=false, rebalanceThreadPoolSize=1, txCfg=org.apache.ignite.configuration.TransactionConfiguration@3bd82cf5, cacheSanityCheckEnabled=true, discoStartupDelay=60000, deployMode=SHARED, p2pMissedCacheSize=100, locHost=null, timeSrvPortBase=31100, timeSrvPortRange=100, failureDetectionTimeout=10000, clientFailureDetectionTimeout=30000, metricsLogFreq=60000, hadoopCfg=null, connectorCfg=org.apache.ignite.configuration.ConnectorConfiguration@544fa968, odbcCfg=null, warmupClos=null, atomicCfg=AtomicConfiguration [seqReserveSize=1000, cacheMode=PARTITIONED, backups=1, aff=null, grpName=null], classLdr=null, sslCtxFactory=null, platformCfg=null, binaryCfg=null, memCfg=null, pstCfg=null, dsCfg=DataStorageConfiguration [sysRegionInitSize=41943040, sysCacheMaxSize=104857600, pageSize=8192, concLvl=4, dfltDataRegConf=DataRegionConfiguration [name=default, maxSize=4294967296, initSize=524288000, swapPath=null, pageEvictionMode=DISABLED, evictionThreshold=0.9, emptyPagesPoolSize=100, metricsEnabled=true, metricsSubIntervalCount=5, metricsRateTimeInterval=60000, persistenceEnabled=true, checkpointPageBufSize=0], storagePath=null, checkpointFreq=180000, lockWaitTime=10000, checkpointThreads=4, checkpointWriteOrder=SEQUENTIAL, walHistSize=20, walSegments=10, walSegmentSize=67108864, walPath=db/wal, walArchivePath=db/wal/archive, metricsEnabled=false, walMode=LOG_ONLY, walTlbSize=131072, walBuffSize=0, walFlushFreq=2000, walFsyncDelay=1000, walRecordIterBuffSize=67108864, alwaysWriteFullPages=false, fileIOFactory=org.apache.ignite.internal.processors.cache.persistence.file.AsyncFileIOFactory@d35dea7, metricsSubIntervalCnt=5, metricsRateTimeInterval=60000, walAutoArchiveAfterInactivity=-1, writeThrottlingEnabled=false, walCompactionEnabled=false], activeOnStart=true, autoActivation=true, longQryWarnTimeout=3000, sqlConnCfg=null, cliConnCfg=ClientConnectorConfiguration [host=null, port=10800, portRange=100, sockSndBufSize=0, sockRcvBufSize=0, tcpNoDelay=true, maxOpenCursorsPerConn=128, threadPoolSize=8, idleTimeout=0, jdbcEnabled=true, odbcEnabled=true, thinCliEnabled=true, sslEnabled=false, useIgniteSslCtxFactory=true, sslClientAuth=false, sslCtxFactory=null], authEnabled=false, failureHnd=null, commFailureRslvr=null]
[11:01:47,951][INFO][main][IgniteKernal] Daemon mode: off
[11:01:47,951][INFO][main][IgniteKernal] OS: Linux 3.19.0-47-generic amd64
[11:01:47,951][INFO][main][IgniteKernal] OS user: bigdata
[11:01:47,973][INFO][main][IgniteKernal] PID: 3770
[11:01:47,973][INFO][main][IgniteKernal] Language runtime: Java Platform API Specification ver. 1.8
[11:01:47,973][INFO][main][IgniteKernal] VM information: Java(TM) SE Runtime Environment 1.8.0_65-b17 Oracle Corporation Java HotSpot(TM) 64-Bit Server VM 25.65-b01
[11:01:47,974][INFO][main][IgniteKernal] VM total memory: 0.97GB
[11:01:47,975][INFO][main][IgniteKernal] Remote Management [restart: off, REST: on, JMX (remote: off)]
[11:01:47,975][INFO][main][IgniteKernal] Logger: JavaLogger [quiet=true, config=null]
[11:01:47,975][INFO][main][IgniteKernal] IGNITE_HOME=/home/bigdata/SpatialIgniteCode/IgniteSpatial_New
[11:01:47,976][INFO][main][IgniteKernal] VM arguments: [-Xmx1g, -Xms1g]
[11:01:47,976][INFO][main][IgniteKernal] System cache's DataRegion size is configured to 40 MB. Use DataStorageConfiguration.systemCacheMemorySize property to change the setting.
[11:01:48,038][INFO][main][IgniteKernal] Configured caches [in 'sysMemPlc' dataRegion: ['ignite-sys-cache']]
[11:01:48,062][INFO][main][IgniteKernal] 3-rd party licenses can be found at: /home/bigdata/SpatialIgniteCode/IgniteSpatial_New/libs/licenses
[11:01:48,270][INFO][main][IgnitePluginProcessor] Configured plugins:
[11:01:48,270][INFO][main][IgnitePluginProcessor]   ^-- None
[11:01:48,271][INFO][main][IgnitePluginProcessor] 
[11:01:48,272][INFO][main][FailureProcessor] Configured failure handler: [hnd=StopNodeOrHaltFailureHandler [tryStop=false, timeout=0]]
[11:01:48,515][INFO][main][TcpCommunicationSpi] Successfully bound communication NIO server to TCP port [port=47100, locHost=0.0.0.0/0.0.0.0, selectorsCnt=4, selectorSpins=0, pairedConn=false]
[11:01:53,562][WARNING][main][TcpCommunicationSpi] Message queue limit is set to 0 which may lead to potential OOMEs when running cache operations in FULL_ASYNC or PRIMARY_SYNC modes due to message queues growth on sender and receiver sides.
[11:01:53,646][WARNING][main][NoopCheckpointSpi] Checkpoints are disabled (to enable configure any GridCheckpointSpi implementation)
[11:01:53,731][WARNING][main][GridCollisionManager] Collision resolution is disabled (all jobs will be activated upon arrival).
[11:01:53,733][INFO][main][IgniteKernal] Security status [authentication=off, tls/ssl=off]
[11:01:53,863][INFO][main][TcpDiscoverySpi] Successfully bound to TCP port [port=47500, localHost=0.0.0.0/0.0.0.0, locNodeId=ca826d46-8d19-40d1-a346-1182313016f8]
[11:01:53,943][INFO][main][PdsFoldersResolver] Successfully locked persistence storage folder [/home/bigdata/SpatialIgniteCode/IgniteSpatial_New/work/db/node00-50cb028d-a4c5-4f6f-a569-4a39ed62eea1]
[11:01:53,943][INFO][main][PdsFoldersResolver] Consistent ID used for local node is [50cb028d-a4c5-4f6f-a569-4a39ed62eea1] according to persistence data storage folders
[11:01:53,944][INFO][main][CacheObjectBinaryProcessorImpl] Resolved directory for serialized binary metadata: /home/bigdata/SpatialIgniteCode/IgniteSpatial_New/work/binary_meta/node00-50cb028d-a4c5-4f6f-a569-4a39ed62eea1
[11:01:54,464][INFO][main][FilePageStoreManager] Resolved page store work directory: /home/bigdata/SpatialIgniteCode/IgniteSpatial_New/work/db/node00-50cb028d-a4c5-4f6f-a569-4a39ed62eea1
[11:01:54,466][INFO][main][FileWriteAheadLogManager] Resolved write ahead log work directory: /home/bigdata/SpatialIgniteCode/IgniteSpatial_New/work/db/wal/node00-50cb028d-a4c5-4f6f-a569-4a39ed62eea1
[11:01:54,473][INFO][main][FileWriteAheadLogManager] Resolved write ahead log archive directory: /home/bigdata/SpatialIgniteCode/IgniteSpatial_New/work/db/wal/archive/node00-50cb028d-a4c5-4f6f-a569-4a39ed62eea1
[11:01:54,516][INFO][main][FileWriteAheadLogManager] Started write-ahead log manager [mode=LOG_ONLY]
[11:01:54,738][INFO][main][GridCacheDatabaseSharedManager] Read checkpoint status [startMarker=/home/bigdata/SpatialIgniteCode/IgniteSpatial_New/work/db/node00-50cb028d-a4c5-4f6f-a569-4a39ed62eea1/cp/1572582142285-886aa68f-dfb4-4bbc-870d-7daf171c957c-START.bin, endMarker=/home/bigdata/SpatialIgniteCode/IgniteSpatial_New/work/db/node00-50cb028d-a4c5-4f6f-a569-4a39ed62eea1/cp/1572581922309-56f66345-f063-4b30-aee2-338cfe770e46-END.bin]
[11:01:54,833][INFO][main][PageMemoryImpl] Started page memory [memoryAllocated=100.0 MiB, pages=12600, tableSize=994.0 KiB, checkpointBuffer=100.0 MiB]
[11:01:54,835][INFO][main][GridCacheDatabaseSharedManager] Checking memory state [lastValidPos=FileWALPointer [idx=0, fileOff=7061372, len=47], lastMarked=FileWALPointer [idx=11, fileOff=25084492, len=157619], lastCheckpointId=886aa68f-dfb4-4bbc-870d-7daf171c957c]
[11:01:54,837][WARNING][main][GridCacheDatabaseSharedManager] Ignite node stopped in the middle of checkpoint. Will restore memory state and finish checkpoint on node start.
[11:02:02,868][INFO][main][GridCacheDatabaseSharedManager] Found last checkpoint marker [cpId=886aa68f-dfb4-4bbc-870d-7daf171c957c, pos=FileWALPointer [idx=11, fileOff=25084492, len=157619]]
[11:02:03,634][WARNING][main][FileWriteAheadLogManager] WAL segment tail is reached. [ Expected next state: {Index=12,Offset=28519466}, Actual state : {Index=-378198982804661032,Offset=-8796094} ]
[11:02:03,754][INFO][main][GridCacheDatabaseSharedManager] Applying lost cache updates since last checkpoint record [lastMarked=FileWALPointer [idx=11, fileOff=25084492, len=157619], lastCheckpointId=886aa68f-dfb4-4bbc-870d-7daf171c957c]
[11:02:04,102][WARNING][main][FileWriteAheadLogManager] WAL segment tail is reached. [ Expected next state: {Index=12,Offset=28519466}, Actual state : {Index=-378198982804661032,Offset=-8796094} ]
[11:02:04,104][INFO][main][GridCacheDatabaseSharedManager] Finished applying WAL changes [updatesApplied=0, time=359ms]
[11:02:04,233][INFO][main][GridClusterStateProcessor] Restoring history for BaselineTopology[id=0]
[11:02:04,676][INFO][main][ClientListenerProcessor] Client connector processor has started on TCP port 10800
[11:02:04,783][INFO][main][GridTcpRestProtocol] Command protocol successfully started [name=TCP binary, host=0.0.0.0/0.0.0.0, port=11211]
[11:02:04,907][INFO][main][IgniteKernal] Non-loopback local IPs: 10.0.1.2, 10.0.2.15, fe80:0:0:0:a00:27ff:fe1e:fd50%eth1, fe80:0:0:0:a00:27ff:feac:8d09%eth0
[11:02:04,908][INFO][main][IgniteKernal] Enabled local MACs: 0800271EFD50, 080027AC8D09
[11:02:07,447][INFO][main][GridClusterStateProcessor] Sending activate request with BaselineTopology BaselineTopology [id=0, branchingHash=-1140463238, branchingType='Cluster activation', baselineNodes=[50cb028d-a4c5-4f6f-a569-4a39ed62eea1]]
[11:02:07,523][INFO][tcp-disco-msg-worker-#3][GridClusterStateProcessor] Received activate request with BaselineTopology[id=0]
[11:02:07,529][WARNING][main][IgniteKernal] Nodes started on local machine require more than 20% of physical RAM what can lead to significant slowdown due to swapping (please decrease JVM heap size, data region size or checkpoint buffer size) [required=6209MB, available=2001MB]
[11:02:07,530][INFO][tcp-disco-msg-worker-#3][GridClusterStateProcessor] Started state transition: true
[11:02:07,675][INFO][exchange-worker-#36][time] Started exchange init [topVer=AffinityTopologyVersion [topVer=1, minorTopVer=1], crd=true, evt=DISCOVERY_CUSTOM_EVT, evtNode=ca826d46-8d19-40d1-a346-1182313016f8, customEvt=ChangeGlobalStateMessage [id=8de95472e61-d7ddaee3-b18f-4fad-b04e-8fcfb963a6b2, reqId=6ca7f113-e948-42d5-b307-a0e03218960f, initiatingNodeId=ca826d46-8d19-40d1-a346-1182313016f8, activate=true, baselineTopology=BaselineTopology [id=0, branchingHash=-1140463238, branchingType='Cluster activation', baselineNodes=[50cb028d-a4c5-4f6f-a569-4a39ed62eea1]], forceChangeBaselineTopology=false, timestamp=1572616927447], allowMerge=false]
[11:02:07,678][INFO][exchange-worker-#36][GridDhtPartitionsExchangeFuture] Start activation process [nodeId=ca826d46-8d19-40d1-a346-1182313016f8, client=false, topVer=AffinityTopologyVersion [topVer=1, minorTopVer=1]]
[11:02:07,678][INFO][exchange-worker-#36][FilePageStoreManager] Resolved page store work directory: /home/bigdata/SpatialIgniteCode/IgniteSpatial_New/work/db/node00-50cb028d-a4c5-4f6f-a569-4a39ed62eea1
[11:02:07,680][INFO][exchange-worker-#36][FileWriteAheadLogManager] Resolved write ahead log work directory: /home/bigdata/SpatialIgniteCode/IgniteSpatial_New/work/db/wal/node00-50cb028d-a4c5-4f6f-a569-4a39ed62eea1
[11:02:07,691][INFO][exchange-worker-#36][FileWriteAheadLogManager] Resolved write ahead log archive directory: /home/bigdata/SpatialIgniteCode/IgniteSpatial_New/work/db/wal/archive/node00-50cb028d-a4c5-4f6f-a569-4a39ed62eea1
[11:02:07,697][INFO][exchange-worker-#36][FileWriteAheadLogManager] Started write-ahead log manager [mode=LOG_ONLY]
[11:02:07,718][INFO][exchange-worker-#36][PageMemoryImpl] Started page memory [memoryAllocated=100.0 MiB, pages=12600, tableSize=994.0 KiB, checkpointBuffer=100.0 MiB]
[11:02:07,728][INFO][exchange-worker-#36][PageMemoryImpl] Started page memory [memoryAllocated=4.0 GiB, pages=516172, tableSize=39.8 MiB, checkpointBuffer=1.0 GiB]
[11:02:07,728][INFO][exchange-worker-#36][PageMemoryImpl] Started page memory [memoryAllocated=100.0 MiB, pages=12600, tableSize=994.0 KiB, checkpointBuffer=100.0 MiB]
[11:02:07,833][INFO][main][IgniteKernal] Performance suggestions for grid  (fix if possible)
[11:02:07,834][INFO][main][IgniteKernal] To disable, set -DIGNITE_PERFORMANCE_SUGGESTIONS_DISABLED=true
[11:02:07,834][INFO][main][IgniteKernal]   ^-- Enable G1 Garbage Collector (add '-XX:+UseG1GC' to JVM options)
[11:02:07,834][INFO][main][IgniteKernal]   ^-- Set max direct memory size if getting 'OOME: Direct buffer memory' (add '-XX:MaxDirectMemorySize=<size>[g|G|m|M|k|K]' to JVM options)
[11:02:07,834][INFO][main][IgniteKernal]   ^-- Disable processing of calls to System.gc() (add '-XX:+DisableExplicitGC' to JVM options)
[11:02:07,835][INFO][main][IgniteKernal] Refer to this page for more performance suggestions: https://apacheignite.readme.io/docs/jvm-and-system-tuning
[11:02:07,835][INFO][main][IgniteKernal] 
[11:02:07,835][INFO][main][IgniteKernal] To start Console Management & Monitoring run ignitevisorcmd.{sh|bat}
[11:02:07,836][INFO][main][IgniteKernal] 
[11:02:07,837][INFO][main][IgniteKernal] 

>>> +---------------------------------+
>>> Ignite ver. 2.6.0#19691231-sha1:DEV
>>> +---------------------------------+
>>> OS name: Linux 3.19.0-47-generic amd64
>>> CPU(s): 1
>>> Heap: 1.0GB
>>> VM name: 3770@bigdatamaster
>>> Local node [ID=CA826D46-8D19-40D1-A346-1182313016F8, order=1, clientMode=false]
>>> Local node addresses: [bigdatamaster/0:0:0:0:0:0:0:1%lo, 10.0.2.15/10.0.1.2, /10.0.2.15, /127.0.0.1]
>>> Local ports: TCP:10800 TCP:11211 TCP:47100 UDP:47400 TCP:47500 

[11:02:07,848][INFO][main][GridDiscoveryManager] Topology snapshot [ver=1, servers=1, clients=0, CPUs=1, offheap=4.0GB, heap=1.0GB]
[11:02:07,848][INFO][main][GridDiscoveryManager]   ^-- Node [id=CA826D46-8D19-40D1-A346-1182313016F8, clusterState=INACTIVE]
[11:02:07,848][INFO][main][GridDiscoveryManager]   ^-- Baseline [id=0, size=1, online=1, offline=0]
[11:02:07,848][INFO][main][GridDiscoveryManager]   ^-- All baseline nodes are online, will start auto-activation
[11:02:07,848][INFO][main][GridDiscoveryManager] Data Regions Configured:
[11:02:07,849][INFO][main][GridDiscoveryManager]   ^-- default [initSize=500.0 MiB, maxSize=4.0 GiB, persistenceEnabled=true]
[11:02:08,940][INFO][exchange-worker-#36][GridCacheDatabaseSharedManager] Read checkpoint status [startMarker=/home/bigdata/SpatialIgniteCode/IgniteSpatial_New/work/db/node00-50cb028d-a4c5-4f6f-a569-4a39ed62eea1/cp/1572582142285-886aa68f-dfb4-4bbc-870d-7daf171c957c-START.bin, endMarker=/home/bigdata/SpatialIgniteCode/IgniteSpatial_New/work/db/node00-50cb028d-a4c5-4f6f-a569-4a39ed62eea1/cp/1572581922309-56f66345-f063-4b30-aee2-338cfe770e46-END.bin]
[11:02:08,941][INFO][exchange-worker-#36][GridCacheDatabaseSharedManager] Checking memory state [lastValidPos=FileWALPointer [idx=0, fileOff=7061372, len=47], lastMarked=FileWALPointer [idx=11, fileOff=25084492, len=157619], lastCheckpointId=886aa68f-dfb4-4bbc-870d-7daf171c957c]
[11:02:08,941][WARNING][exchange-worker-#36][GridCacheDatabaseSharedManager] Ignite node stopped in the middle of checkpoint. Will restore memory state and finish checkpoint on node start.
[11:02:29,662][WARNING][ignite-update-notifier-timer][GridUpdateNotifier] New version is available at ignite.apache.org: 2.7.6
[11:02:39,995][INFO][exchange-worker-#36][GridCacheDatabaseSharedManager] Found last checkpoint marker [cpId=886aa68f-dfb4-4bbc-870d-7daf171c957c, pos=FileWALPointer [idx=11, fileOff=25084492, len=157619]]
[11:02:42,535][WARNING][exchange-worker-#36][FileWriteAheadLogManager] WAL segment tail is reached. [ Expected next state: {Index=12,Offset=28519466}, Actual state : {Index=-378198982804661032,Offset=-8796094} ]
[11:02:42,574][INFO][exchange-worker-#36][GridCacheDatabaseSharedManager] Finished applying memory changes [changesApplied=2325888, time=33631ms]
[11:02:43,838][SEVERE][exchange-worker-#36][] Critical system error detected. Will be handled accordingly to configured handler [hnd=class o.a.i.failure.StopNodeOrHaltFailureHandler, failureCtx=FailureContext [type=CRITICAL_ERROR, err=class o.a.i.i.processors.cache.persistence.file.PersistentStorageIOException: File check failed]]
class org.apache.ignite.internal.processors.cache.persistence.file.PersistentStorageIOException: File check failed
	at org.apache.ignite.internal.processors.cache.persistence.file.FilePageStore.checkFile(FilePageStore.java:228)
	at org.apache.ignite.internal.processors.cache.persistence.file.FilePageStore.init(FilePageStore.java:439)
	at org.apache.ignite.internal.processors.cache.persistence.file.FilePageStore.write(FilePageStore.java:478)
	at org.apache.ignite.internal.processors.cache.persistence.file.FilePageStoreManager.writeInternal(FilePageStoreManager.java:385)
	at org.apache.ignite.internal.processors.cache.persistence.GridCacheDatabaseSharedManager.finalizeCheckpointOnRecovery(GridCacheDatabaseSharedManager.java:2568)
	at org.apache.ignite.internal.processors.cache.persistence.GridCacheDatabaseSharedManager.restoreMemory(GridCacheDatabaseSharedManager.java:2128)
	at org.apache.ignite.internal.processors.cache.persistence.GridCacheDatabaseSharedManager.restoreMemory(GridCacheDatabaseSharedManager.java:1929)
	at org.apache.ignite.internal.processors.cache.persistence.GridCacheDatabaseSharedManager.readCheckpointAndRestoreMemory(GridCacheDatabaseSharedManager.java:755)
	at org.apache.ignite.internal.processors.cache.distributed.dht.preloader.GridDhtPartitionsExchangeFuture.onClusterStateChangeRequest(GridDhtPartitionsExchangeFuture.java:894)
	at org.apache.ignite.internal.processors.cache.distributed.dht.preloader.GridDhtPartitionsExchangeFuture.init(GridDhtPartitionsExchangeFuture.java:641)
	at org.apache.ignite.internal.processors.cache.GridCachePartitionExchangeManager$ExchangeWorker.body0(GridCachePartitionExchangeManager.java:2419)
	at org.apache.ignite.internal.processors.cache.GridCachePartitionExchangeManager$ExchangeWorker.body(GridCachePartitionExchangeManager.java:2299)
	at org.apache.ignite.internal.util.worker.GridWorker.run(GridWorker.java:110)
	at java.lang.Thread.run(Thread.java:745)
Caused by: java.io.IOException: Failed to verify store file (invalid file size) [fileSize=00000000001a3000, pageSize=0000000000002000]
	at org.apache.ignite.internal.processors.cache.persistence.file.FilePageStore.checkFile(FilePageStore.java:223)
	... 13 more
[11:02:43,841][SEVERE][exchange-worker-#36][] JVM will be halted immediately due to the failure: [failureCtx=FailureContext [type=CRITICAL_ERROR, err=class o.a.i.i.processors.cache.persistence.file.PersistentStorageIOException: File check failed]]
